C251 COMPILER V5.60.0,  isr                                                                30/06/24  20:23:41  PAGE 1   


C251 COMPILER V5.60.0, COMPILATION OF MODULE isr
OBJECT MODULE PLACED IN .\Out_File\isr.obj
COMPILER INVOKED BY: G:\Keil_v5\C251\C251\BIN\C251.EXE ..\USER\src\isr.c XSMALL INTR2 WARNINGLEVEL(3) OPTIMIZE(0,SPEED) 
                    -BROWSE INCDIR(..\..\Libraries\libraries;..\..\Libraries\seekfree_libraries;..\..\Libraries\seekfree_peripheral;..\CODE;.
                    -.\USER\inc;..\USER\src;..\CODE) DEBUG PRINT(.\Out_File\isr.lst) OBJECT(.\Out_File\isr.obj) 

stmt  level    source

    1          ///******************************************************************************************************
             -***************
    2          // * COPYRIGHT NOTICE
    3          // * Copyright (c) 2020,逐飞科技
    4          // * All rights reserved.
    5          // * 技术讨论QQ群：一群：179029047(已满)  二群：244861897(已满)  三群：824575535
    6          // *
    7          // * 以下所有内容版权均属逐飞科技所有，未经允许不得用于商业用途，
    8          // * 欢迎各位使用并传播本程序，修改内容时必须保留逐飞科技的版权声明。
    9          // *
   10          // * @file                      isr
   11          // * @company                   成都逐飞科技有限公司
   12          // * @author                    逐飞科技(QQ790875685)
   13          // * @version                   查看doc内version文件 版本说明
   14          // * @Software                  MDK FOR C251 V5.60
   15          // * @Target core               STC32G12K128
   16          // * @Taobao                    https://seekfree.taobao.com/
   17          // * @date                      2020-4-14
   18          // ******************************************************************************************************
             -**************/
   19          #include "headfile.h"
   20          
   21          //UART1中断
   22          void UART1_Isr() interrupt 4
   23          {
   24   1          uint8 res;
   25   1          static uint8 dwon_count;
   26   1      
   27   1          if(UART1_GET_TX_FLAG)
   28   1          {
   29   2              UART1_CLEAR_TX_FLAG;
   30   2              busy[1] = 0;
   31   2          }
   32   1      
   33   1          if(UART1_GET_RX_FLAG)
   34   1          {
   35   2              UART1_CLEAR_RX_FLAG;
   36   2              res = SBUF;
   37   2      
   38   2              //程序自动下载
   39   2              if(res == 0x7F)
   40   2              {
   41   3                  if(dwon_count++ > 20)
   42   3                      IAP_CONTR = 0x60;
   43   3              }
   44   2              else
   45   2              {
   46   3                  dwon_count = 0;
   47   3              }
   48   2          }
   49   1      }
   50          
   51          //UART2中断
   52          void UART2_Isr() interrupt 8
   53          {
   54   1          if(UART2_GET_TX_FLAG)
   55   1          {
C251 COMPILER V5.60.0,  isr                                                                30/06/24  20:23:41  PAGE 2   

   56   2              UART2_CLEAR_TX_FLAG;
   57   2              busy[2] = 0;
   58   2          }
   59   1      
   60   1          if(UART2_GET_RX_FLAG)
   61   1          {
   62   2              UART2_CLEAR_RX_FLAG;
   63   2              //接收数据寄存器为：S2BUF
   64   2      
   65   2          }
   66   1      }
   67          
   68          
   69          //UART3中断
   70          void UART3_Isr() interrupt 17
   71          {
   72   1          if(UART3_GET_TX_FLAG)
   73   1          {
   74   2              UART3_CLEAR_TX_FLAG;
   75   2              busy[3] = 0;
   76   2          }
   77   1      
   78   1          if(UART3_GET_RX_FLAG)
   79   1          {
   80   2              UART3_CLEAR_RX_FLAG;
   81   2              //接收数据寄存器为：S3BUF
   82   2      
   83   2          }
   84   1      }
   85          
   86          
   87          //UART4中断
   88          void UART4_Isr() interrupt 18
   89          {
   90   1          if(UART4_GET_TX_FLAG)
   91   1          {
   92   2              UART4_CLEAR_TX_FLAG;
   93   2              busy[4] = 0;
   94   2          }
   95   1      
   96   1          if(UART4_GET_RX_FLAG)
   97   1          {
   98   2              UART4_CLEAR_RX_FLAG;
   99   2      
  100   2              //接收数据寄存器为：S4BUF;
  101   2              if(wireless_type == WIRELESS_SI24R1)
  102   2              {
  103   3                  wireless_uart_callback();           //无线转串口回调函数
  104   3              }
  105   2              else if(wireless_type == WIRELESS_CH9141)
  106   2              {
  107   3                  bluetooth_ch9141_uart_callback();   //蓝牙转串口回调函数
  108   3              }
  109   2              else if(wireless_type == WIRELESS_CH573)
  110   2              {
  111   3                  wireless_ch573_callback();          //CH573无线模块回调函数
  112   3              }
  113   2          }
  114   1      }
  115          
  116          #define LED P52
  117          void INT0_Isr() interrupt 0
  118          {
  119   1          LED = 0;    //点亮LED
  120   1      }
  121          void INT1_Isr() interrupt 2
C251 COMPILER V5.60.0,  isr                                                                30/06/24  20:23:41  PAGE 3   

  122          {
  123   1      
  124   1      }
  125          void INT2_Isr() interrupt 10
  126          {
  127   1          INT2_CLEAR_FLAG;  //清除中断标志
  128   1      }
  129          void INT3_Isr() interrupt 11
  130          {
  131   1          INT3_CLEAR_FLAG;  //清除中断标志
  132   1      }
  133          
  134          void INT4_Isr() interrupt 16
  135          {
  136   1          INT4_CLEAR_FLAG;  //清除中断标志
  137   1      }
  138          
  139          void TM0_Isr() interrupt 1
  140          {
  141   1      
  142   1      }
  143          
  144          void TM1_Isr() interrupt 3
  145          {
  146   1      //----------------------------------------------------------
  147   1          static uint8 t_5ms = 0;
  148   1          static uint8 t_10ms = 0;
  149   1          static uint8 t_30ms = 0;
  150   1          static uint8 t_40ms = 0;
  151   1          static uint8 t_50ms = 0;
  152   1          static uint8 t_1s = 0;
  153   1      
  154   1      
  155   1          /****************中断执行程序********5ms进一次中断**********/
  156   1          t_5ms++;
  157   1          t_10ms++;
  158   1          t_30ms++;
  159   1          t_40ms++;
  160   1          t_50ms++;
  161   1          t_1s++;
  162   1      
  163   1      //5ms控制周期：内环控制(给轮子PWM跑起来)
  164   1          if(t_5ms == 1)
  165   1          {
  166   2              // 复位标志位
  167   2              t_5ms = 0;
  168   2              Flag.T_Inmost = 1;
  169   2          }
  170   1      
  171   1      // 10ms控制
  172   1          if (t_10ms == 2)
  173   1          {
  174   2              t_10ms = 0;
  175   2              Flag.T_Turn = 1;
  176   2          }
  177   1      
  178   1      // 30ms控制
  179   1          if(t_30ms == 6)
  180   1          {
  181   2              t_30ms = 0;
  182   2              Flag.T_Distance = 1;
  183   2          }
  184   1      
  185   1      // 40ms控制
  186   1          if(t_40ms == 8)
  187   1          {
C251 COMPILER V5.60.0,  isr                                                                30/06/24  20:23:41  PAGE 4   

  188   2              t_40ms = 0;
  189   2              Flag.T_IMU = 1;
  190   2          }
  191   1      
  192   1      //50ms控制
  193   1          if(t_50ms == 10)
  194   1          {
  195   2              t_50ms = 0;
  196   2              Flag.T_Speed = 1;
  197   2                                                      // 采集编码器速度
  198   2      
  199   2                      speed_measure();
  200   2              if(T_ALready < 600000)          // 上限是10分钟运行时间，不会溢出
  201   2                  T_ALready++;
  202   2          }
  203   1      
  204   1      //1s控制
  205   1          if(t_1s == 200)
  206   1          {
  207   2              t_1s = 0;
  208   2      //              P42=~P42;
  209   2          }
  210   1      
  211   1      //**********************************************************
  212   1          Fuse_result();
  213   1      }
  214          
  215          void TM2_Isr() interrupt 12
  216          {
  217   1          TIM2_CLEAR_FLAG;  //清除中断标志
  218   1      
  219   1      }
  220          void TM3_Isr() interrupt 19
  221          {
  222   1          TIM3_CLEAR_FLAG; //清除中断标志
  223   1      
  224   1      }
  225          
  226          void TM4_Isr() interrupt 20
  227          {
  228   1          TIM4_CLEAR_FLAG; //清除中断标志
  229   1      //      ccd_collect();   //CCD采集数据
  230   1      
  231   1      }
  232          
  233          //void  INT0_Isr()  interrupt 0;
  234          //void  TM0_Isr()   interrupt 1;
  235          //void  INT1_Isr()  interrupt 2;
  236          //void  TM1_Isr()   interrupt 3;
  237          //void  UART1_Isr() interrupt 4;
  238          //void  ADC_Isr()   interrupt 5;
  239          //void  LVD_Isr()   interrupt 6;
  240          //void  PCA_Isr()   interrupt 7;
  241          //void  UART2_Isr() interrupt 8;
  242          //void  SPI_Isr()   interrupt 9;
  243          //void  INT2_Isr()  interrupt 10;
  244          //void  INT3_Isr()  interrupt 11;
  245          //void  TM2_Isr()   interrupt 12;
  246          //void  INT4_Isr()  interrupt 16;
  247          //void  UART3_Isr() interrupt 17;
  248          //void  UART4_Isr() interrupt 18;
  249          //void  TM3_Isr()   interrupt 19;
  250          //void  TM4_Isr()   interrupt 20;
  251          //void  CMP_Isr()   interrupt 21;
  252          //void  I2C_Isr()   interrupt 24;
  253          //void  USB_Isr()   interrupt 25;
C251 COMPILER V5.60.0,  isr                                                                30/06/24  20:23:41  PAGE 5   

  254          //void  PWM1_Isr()  interrupt 26;
  255          //void  PWM2_Isr()  interrupt 27;


Module Information          Static   Overlayable
------------------------------------------------
  code size            =       618     ------
  ecode size           =    ------     ------
  data size            =    ------     ------
  idata size           =    ------     ------
  pdata size           =    ------     ------
  xdata size           =    ------     ------
  xdata-const size     =    ------     ------
  edata size           =         8     ------
  bit size             =    ------     ------
  ebit size            =    ------     ------
  bitaddressable size  =    ------     ------
  ebitaddressable size =    ------     ------
  far data size        =    ------     ------
  huge data size       =    ------     ------
  const size           =    ------     ------
  hconst size          =        30     ------
End of Module Information.


C251 COMPILATION COMPLETE.  0 WARNING(S),  0 ERROR(S)
