C251 COMPILER V5.60.0,  SEEKFREE_DL1A                                                      06/07/24  23:05:05  PAGE 1   


C251 COMPILER V5.60.0, COMPILATION OF MODULE SEEKFREE_DL1A
OBJECT MODULE PLACED IN .\Out_File\SEEKFREE_DL1A.obj
COMPILER INVOKED BY: G:\Keil_v5\C251\C251\BIN\C251.EXE ..\..\Libraries\seekfree_peripheral\SEEKFREE_DL1A.c XSMALL INTR2 
                    -WARNINGLEVEL(3) OPTIMIZE(0,SPEED) BROWSE INCDIR(..\..\Libraries\libraries;..\..\Libraries\seekfree_libraries;..\..\Libra
                    -ries\seekfree_peripheral;..\CODE;..\USER\inc;..\USER\src;..\CODE) DEBUG PRINT(.\Out_File\SEEKFREE_DL1A.lst) OBJECT(.\Out
                    -_File\SEEKFREE_DL1A.obj) 

stmt  level    source

    1          /********************************************************************************************************
             -*************
    2           * COPYRIGHT NOTICE
    3           * Copyright (c) 2021,é€é£ç§‘æŠ€
    4           * All rights reserved.
    5           * æŠ€æœ¯è®¨è®ºQQç¾¤ï¼šä¸€ç¾¤ï¼š179029047(å·²æ»¡)  äºŒç¾¤ï¼š244861897
    6           *
    7           * ä»¥ä¸‹æ‰€æœ‰å†…å®¹ç‰ˆæƒå‡å±é€é£ç§‘æŠ€æ‰€æœ‰ï¼Œæœªç»å…è®¸ä¸å¾—ç”¨äºå•†ä¸šç”¨é€”ï¼Œ
    8           * æ¬¢è¿å„ä½ä½¿ç”¨å¹¶ä¼ æ’­æœ¬ç¨‹åºï¼Œä¿®æ”¹å†…å®¹æ—¶å¿…é¡»ä¿ç•™é€é£ç§‘æŠ€çš„ç‰ˆæƒå£°æ˜ã€‚
    9           *
   10           * @file                DL1A
   11           * @company                     æˆéƒ½é€é£ç§‘æŠ€æœ‰é™å…¬å¸
   12           * @author              é€é£ç§‘æŠ€(QQ3184284598)
   13           * @version             æŸ¥çœ‹docå†…versionæ–‡ä»¶ ç‰ˆæœ¬è¯´æ˜
   14           * @Software            MDK FOR C251 V5.60
   15           * @Target core         STC32G12K128
   16           * @Taobao              https://seekfree.taobao.com/
   17           * @date                2021-08-27
   18           * @note
   19           * æ¥çº¿å®šä¹‰ï¼š
   20           *                   ------------------------------------
   21           *                   æ¨¡å—ç®¡è„š            å•ç‰‡æœºç®¡è„š
   22           *                   SCL                 æŸ¥çœ‹ SEEKFREE_DL1A.h ä¸­ DL1A_SCL_PIN   å®å®šä¹‰
   23           *                   SDA                 æŸ¥çœ‹ SEEKFREE_DL1A.h ä¸­ DL1A_SDA_PIN   å®å®šä¹‰
   24           *                                                                              XS                                       æŸ¥çœ‹ SEEKFREE_DL1A.h ä¸­ DL1A_XSHUT_PIN å®å®šä¹‰
   25           *                   VCC                 5V ç”µæº
   26           *                   GND                 ç”µæºåœ°
   27           *                   ------------------------------------
   28          *********************************************************************************************************
             -***********/
   29          
   30          
   31          #include "zf_delay.h"
   32          #include "SEEKFREE_DL1A.h"
   33          
   34          
   35          #pragma warning disable = 183
   36          
   37          
   38          uint8 dl1a_finsh_flag;
   39          uint16 dl1a_distance_mm;
   40          
   41          
   42          
   43          #define GET_DL1A_SDA                    DL1A_SDA_PIN
   44          #define DL1A_SDA_LOW()          DL1A_SDA_PIN = 0                //IOå£è¾“å‡ºä½ç”µå¹³
   45          #define DL1A_SDA_HIGH()         DL1A_SDA_PIN = 1                //IOå£è¾“å‡ºé«˜ç”µå¹³
   46          
   47          #define DL1A_SCL_LOW()                  DL1A_SCL_PIN = 0                //IOå£è¾“å‡ºä½ç”µå¹³
   48          #define DL1A_SCL_HIGH()                 DL1A_SCL_PIN = 1                //IOå£è¾“å‡ºé«˜ç”µå¹³
   49          
   50          #define ack 1      //ä¸»åº”ç­”
   51          #define no_ack 0   //ä»åº”ç­”  
   52          
   53          //-------------------------------------------------------------------------------------------------------
             -------------
C251 COMPILER V5.60.0,  SEEKFREE_DL1A                                                      06/07/24  23:05:05  PAGE 2   

   54          //  @brief      æ¨¡æ‹ŸIICå»¶æ—¶
   55          //  @return     void
   56          //  @since      v1.0
   57          //  Sample usage:                               å¦‚æœIICé€šè®¯å¤±è´¥å¯ä»¥å°è¯•å¢åŠ jçš„å€¼
   58          //-------------------------------------------------------------------------------------------------------
             -------------
   59          static void dl1a_simiic_delay(void)
   60          {
   61   1          uint16 j = DL1A_SOFT_IIC_DELAY;
   62   1      
   63   1          while(j--);
   64   1      }
   65          
   66          //å†…éƒ¨ä½¿ç”¨ï¼Œç”¨æˆ·æ— éœ€è°ƒç”¨
   67          static void dl1a_simiic_start(void)
   68          {
   69   1          DL1A_SDA_HIGH();
   70   1          DL1A_SCL_HIGH();
   71   1          dl1a_simiic_delay();
   72   1          DL1A_SDA_LOW();
   73   1          dl1a_simiic_delay();
   74   1          DL1A_SCL_LOW();
   75   1      }
   76          
   77          //å†…éƒ¨ä½¿ç”¨ï¼Œç”¨æˆ·æ— éœ€è°ƒç”¨
   78          static void dl1a_simiic_stop(void)
   79          {
   80   1          DL1A_SDA_LOW();
   81   1          DL1A_SCL_LOW();
   82   1          dl1a_simiic_delay();
   83   1          DL1A_SCL_HIGH();
   84   1          dl1a_simiic_delay();
   85   1          DL1A_SDA_HIGH();
   86   1          dl1a_simiic_delay();
   87   1      }
   88          
   89          //ä¸»åº”ç­”(åŒ…å«ack:SDA=0å’Œno_ack:SDA=0)
   90          //å†…éƒ¨ä½¿ç”¨ï¼Œç”¨æˆ·æ— éœ€è°ƒç”¨
   91          static void dl1a_simiic_sendack(unsigned char ack_dat)
   92          {
   93   1          DL1A_SCL_LOW();
   94   1          dl1a_simiic_delay();
   95   1      
   96   1          if(ack_dat) DL1A_SDA_LOW();
   97   1          else        DL1A_SDA_HIGH();
   98   1      
   99   1          DL1A_SCL_HIGH();
  100   1          dl1a_simiic_delay();
  101   1          DL1A_SCL_LOW();
  102   1          dl1a_simiic_delay();
  103   1      }
  104          
  105          
  106          static int dl1a_sccb_waitack(void)
  107          {
  108   1          DL1A_SCL_LOW();
  109   1      
  110   1          dl1a_simiic_delay();
  111   1      
  112   1          DL1A_SCL_HIGH();
  113   1          dl1a_simiic_delay();
  114   1      
  115   1          if(GET_DL1A_SDA)           //åº”ç­”ä¸ºé«˜ç”µå¹³ï¼Œå¼‚å¸¸ï¼Œé€šä¿¡å¤±è´¥
  116   1          {
  117   2      
  118   2              DL1A_SCL_LOW();
C251 COMPILER V5.60.0,  SEEKFREE_DL1A                                                      06/07/24  23:05:05  PAGE 3   

  119   2              return 0;
  120   2          }
  121   1      
  122   1          DL1A_SCL_LOW();
  123   1          dl1a_simiic_delay();
  124   1          return 1;
  125   1      }
  126          
  127          //å­—èŠ‚å‘é€ç¨‹åº
  128          //å‘é€c(å¯ä»¥æ˜¯æ•°æ®ä¹Ÿå¯æ˜¯åœ°å€)ï¼Œé€å®Œåæ¥æ”¶ä»åº”ç­”
  129          //ä¸è€ƒè™‘ä»åº”ç­”ä½
  130          //å†…éƒ¨ä½¿ç”¨ï¼Œç”¨æˆ·æ— éœ€è°ƒç”¨
  131          static void dl1a_send_ch(uint8 c)
  132          {
  133   1          uint8 i = 8;
  134   1      
  135   1          while(i--)
  136   1          {
  137   2              if(c & 0x80)    DL1A_SDA_HIGH();//SDA è¾“å‡ºæ•°æ®
  138   2              else                    DL1A_SDA_LOW();
  139   2      
  140   2              c <<= 1;
  141   2              dl1a_simiic_delay();
  142   2              DL1A_SCL_HIGH();                //SCL æ‹‰é«˜ï¼Œé‡‡é›†ä¿¡å·
  143   2              dl1a_simiic_delay();
  144   2              DL1A_SCL_LOW();                //SCL æ—¶é’Ÿçº¿æ‹‰ä½
  145   2          }
  146   1      
  147   1          dl1a_sccb_waitack();
  148   1      }
  149          
  150          
  151          //å­—èŠ‚æ¥æ”¶ç¨‹åº
  152          //æ¥æ”¶å™¨ä»¶ä¼ æ¥çš„æ•°æ®ï¼Œæ­¤ç¨‹åºåº”é…åˆ|ä¸»åº”ç­”å‡½æ•°|ä½¿ç”¨
  153          //å†…éƒ¨ä½¿ç”¨ï¼Œç”¨æˆ·æ— éœ€è°ƒç”¨
  154          static uint8 dl1a_read_ch(uint8 ack_x)
  155          {
  156   1          uint8 i;
  157   1          uint8 c;
  158   1          c = 0;
  159   1          DL1A_SCL_LOW();
  160   1          dl1a_simiic_delay();
  161   1          DL1A_SDA_HIGH();
  162   1      
  163   1          for(i = 0; i < 8; i++)
  164   1          {
  165   2              dl1a_simiic_delay();
  166   2              DL1A_SCL_LOW();         //ç½®æ—¶é’Ÿçº¿ä¸ºä½ï¼Œå‡†å¤‡æ¥æ”¶æ•°æ®ä½
  167   2              dl1a_simiic_delay();
  168   2              DL1A_SCL_HIGH();         //ç½®æ—¶é’Ÿçº¿ä¸ºé«˜ï¼Œä½¿æ•°æ®çº¿ä¸Šæ•°æ®æœ‰æ•ˆ
  169   2              dl1a_simiic_delay();
  170   2              c <<= 1;
  171   2      
  172   2              if(GET_DL1A_SDA)
  173   2              {
  174   3                  c += 1; //è¯»æ•°æ®ä½ï¼Œå°†æ¥æ”¶çš„æ•°æ®å­˜c
  175   3              }
  176   2          }
  177   1      
  178   1          DL1A_SCL_LOW();
  179   1          dl1a_simiic_delay();
  180   1          dl1a_simiic_sendack(ack_x);
  181   1      
  182   1          return c;
  183   1      }
  184          
C251 COMPILER V5.60.0,  SEEKFREE_DL1A                                                      06/07/24  23:05:05  PAGE 4   

  185          
  186          //-------------------------------------------------------------------------------------------------------
             -------------
  187          //  @brief      æ¨¡æ‹ŸIICå†™æ•°æ®åˆ°è®¾å¤‡å¯„å­˜å™¨å‡½æ•°
  188          //  @param      dev_add                 è®¾å¤‡åœ°å€(ä½ä¸ƒä½åœ°å€)
  189          //  @param      reg                             å¯„å­˜å™¨åœ°å€
  190          //  @param      dat                             å†™å…¥çš„æ•°æ®
  191          //  @return     void
  192          //  @since      v1.0
  193          //  Sample usage:
  194          //-------------------------------------------------------------------------------------------------------
             -------------
  195          static void dl1a_simiic_write_dats(uint8 dev_add, uint8 *dat, uint32 len)
  196          {
  197   1          dl1a_simiic_start();
  198   1          dl1a_send_ch( (dev_add << 1) | 0x00); //å‘é€å™¨ä»¶åœ°å€åŠ å†™ä½
  199   1      
  200   1          while(len--)
  201   1          {
  202   2              dl1a_send_ch( *dat++ );                                  //å‘é€éœ€è¦å†™å…¥çš„æ•°æ®
  203   2          }
  204   1      
  205   1      
  206   1          dl1a_simiic_stop();
  207   1      }
  208          
  209          
  210          //-------------------------------------------------------------------------------------------------------
             -------------
  211          //  @brief      æ¨¡æ‹ŸIICå†™æ•°æ®åˆ°è®¾å¤‡å¯„å­˜å™¨å‡½æ•°
  212          //  @param      dev_add                 è®¾å¤‡åœ°å€(ä½ä¸ƒä½åœ°å€)
  213          //  @param      reg                             å¯„å­˜å™¨åœ°å€
  214          //  @param      dat                             å†™å…¥çš„æ•°æ®
  215          //  @return     void
  216          //  @since      v1.0
  217          //  Sample usage:
  218          //-------------------------------------------------------------------------------------------------------
             -------------
  219          static void dl1a_simiic_write_reg(uint8 dev_add, uint8 reg, uint8 dat)
  220          {
  221   1          dl1a_simiic_start();
  222   1          dl1a_send_ch( (dev_add << 1) | 0x00); //å‘é€å™¨ä»¶åœ°å€åŠ å†™ä½
  223   1          dl1a_send_ch( reg );                                 //å‘é€ä»æœºå¯„å­˜å™¨åœ°å€
  224   1          dl1a_send_ch( dat );                                 //å‘é€éœ€è¦å†™å…¥çš„æ•°æ®
  225   1          dl1a_simiic_stop();
  226   1      }
  227          
  228          //-------------------------------------------------------------------------------------------------------
             -------------
  229          //  @brief      æ¨¡æ‹ŸIICä»è®¾å¤‡å¯„å­˜å™¨è¯»å–æ•°æ®
  230          //  @param      dev_add                 è®¾å¤‡åœ°å€(ä½ä¸ƒä½åœ°å€)
  231          //  @param      reg                             å¯„å­˜å™¨åœ°å€
  232          //  @param      type                    é€‰æ‹©é€šä¿¡æ–¹å¼æ˜¯IIC  è¿˜æ˜¯ SCCB
  233          //  @return     uint8                   è¿”å›å¯„å­˜å™¨çš„æ•°æ®
  234          //  @since      v1.0
  235          //  Sample usage:
  236          //-------------------------------------------------------------------------------------------------------
             -------------
  237          static uint8 dl1a_simiic_read_reg(uint8 dev_add, uint8 reg)
  238          {
  239   1          uint8 dat;
  240   1          dl1a_simiic_start();
  241   1          dl1a_send_ch( (dev_add << 1) | 0x00); //å‘é€å™¨ä»¶åœ°å€åŠ å†™ä½
  242   1          dl1a_send_ch( reg );                                //å‘é€ä»æœºå¯„å­˜å™¨åœ°å€
  243   1      
  244   1      
C251 COMPILER V5.60.0,  SEEKFREE_DL1A                                                      06/07/24  23:05:05  PAGE 5   

  245   1          dl1a_simiic_start();
  246   1          dl1a_send_ch( (dev_add << 1) | 0x01); //å‘é€å™¨ä»¶åœ°å€åŠ è¯»ä½
  247   1          dat = dl1a_read_ch(no_ack);                                 //è¯»å–æ•°æ®
  248   1          dl1a_simiic_stop();
  249   1      
  250   1          return dat;
  251   1      }
  252          
  253          //-------------------------------------------------------------------------------------------------------
             -------------
  254          //  @brief      æ¨¡æ‹ŸIICè¯»å–å¤šå­—èŠ‚æ•°æ®
  255          //  @param      dev_add                 è®¾å¤‡åœ°å€(ä½ä¸ƒä½åœ°å€)
  256          //  @param      reg                             å¯„å­˜å™¨åœ°å€
  257          //  @param      dat_add                 æ•°æ®ä¿å­˜çš„åœ°å€æŒ‡é’ˆ
  258          //  @param      num                             è¯»å–å­—èŠ‚æ•°é‡
  259          //  @param      type                    é€‰æ‹©é€šä¿¡æ–¹å¼æ˜¯IIC  è¿˜æ˜¯ SCCB
  260          //  @return     uint8                   è¿”å›å¯„å­˜å™¨çš„æ•°æ®
  261          //  @since      v1.0
  262          //  Sample usage:
  263          //-------------------------------------------------------------------------------------------------------
             -------------
  264          static void dl1a_simiic_read_regs(uint8 dev_add, uint8 reg, uint8 *dat_add, uint32 num)
  265          {
  266   1          dl1a_simiic_start();
  267   1          dl1a_send_ch( (dev_add << 1) | 0x00); //å‘é€å™¨ä»¶åœ°å€åŠ å†™ä½
  268   1          dl1a_send_ch( reg );                                //å‘é€ä»æœºå¯„å­˜å™¨åœ°å€
  269   1      
  270   1      
  271   1          dl1a_simiic_start();
  272   1          dl1a_send_ch( (dev_add << 1) | 0x01); //å‘é€å™¨ä»¶åœ°å€åŠ è¯»ä½
  273   1      
  274   1          while(--num)
  275   1          {
  276   2              *dat_add = dl1a_read_ch(ack); //è¯»å–æ•°æ®
  277   2              dat_add++;
  278   2          }
  279   1      
  280   1          *dat_add = dl1a_read_ch(no_ack); //è¯»å–æ•°æ®
  281   1          dl1a_simiic_stop();
  282   1      }
  283          
  284          //-------------------------------------------------------------------------------------------------------
             -------------
  285          //  @brief      æ¨¡æ‹ŸIICè¯»å–å¤šå­—èŠ‚æ•°æ®
  286          //  @param      dev_add                 è®¾å¤‡åœ°å€(ä½ä¸ƒä½åœ°å€)
  287          //  @param      reg                             å¯„å­˜å™¨åœ°å€
  288          //  @param      dat_add                 æ•°æ®ä¿å­˜çš„åœ°å€æŒ‡é’ˆ
  289          //  @param      num                             è¯»å–å­—èŠ‚æ•°é‡
  290          //  @param      type                    é€‰æ‹©é€šä¿¡æ–¹å¼æ˜¯IIC  è¿˜æ˜¯ SCCB
  291          //  @return     uint8                   è¿”å›å¯„å­˜å™¨çš„æ•°æ®
  292          //  @since      v1.0
  293          //  Sample usage:
  294          //-------------------------------------------------------------------------------------------------------
             -------------
  295          static void dl1a_simiic_read_regs_1(uint8 dev_add, uint8 reg, uint8 *dat_add, uint32 num)
  296          {
  297   1          dl1a_simiic_start();
  298   1          dl1a_send_ch( (dev_add << 1) | 0x00); //å‘é€å™¨ä»¶åœ°å€åŠ å†™ä½
  299   1          dl1a_send_ch( reg );                                //å‘é€ä»æœºå¯„å­˜å™¨åœ°å€
  300   1      
  301   1      
  302   1          dl1a_simiic_start();
  303   1          dl1a_send_ch( (dev_add << 1) | 0x01); //å‘é€å™¨ä»¶åœ°å€åŠ è¯»ä½
  304   1      
  305   1          while(--num)
  306   1          {
C251 COMPILER V5.60.0,  SEEKFREE_DL1A                                                      06/07/24  23:05:05  PAGE 6   

  307   2              *dat_add = dl1a_read_ch(ack); //è¯»å–æ•°æ®
  308   2              dat_add++;
  309   2          }
  310   1      
  311   1          *dat_add = dl1a_read_ch(no_ack); //è¯»å–æ•°æ®
  312   1          dl1a_simiic_stop();
  313   1      }
  314          
  315          
  316          #define dl1a_write_array(dat, len)          (dl1a_simiic_write_dats(DL1A_DEV_ADDR, (dat), (len)))
  317          #define dl1a_write_register(reg, dat)       (dl1a_simiic_write_reg(DL1A_DEV_ADDR, (reg), (dat)))
  318          #define dl1a_read_register(reg)             (dl1a_simiic_read_reg (DL1A_DEV_ADDR, (reg)))
  319          #define dl1a_read_registers(reg, dat, len)  (dl1a_simiic_read_regs(DL1A_DEV_ADDR, (reg), (dat), (len)))
  320          #define dl1a_read_registers_1(reg, dat, len)  (dl1a_simiic_read_regs_1(DL1A_DEV_ADDR, (reg), (dat), (len)
             -))
  321          
  322          // è¿™ä¸ªé€Ÿç‡è¡¨ç¤ºä»ç›®æ ‡åå°„å¹¶è¢«è®¾å¤‡æ£€æµ‹åˆ°çš„ä¿¡å·çš„æŒ¯å¹…
  323          // è®¾ç½®æ­¤é™åˆ¶å¯ä»¥ç¡®å®šä¼ æ„Ÿå™¨æŠ¥å‘Šæœ‰æ•ˆè¯»æ•°æ‰€éœ€çš„æœ€å°æµ‹é‡å€¼
  324          // è®¾ç½®ä¸€ä¸ªè¾ƒä½çš„é™åˆ¶å¯ä»¥å¢åŠ ä¼ æ„Ÿå™¨çš„æµ‹é‡èŒƒå›´
  325          // ä½†ä¼¼ä¹ä¹Ÿå¢åŠ äº† <ç”±äºæ¥è‡ªç›®æ ‡ä»¥å¤–çš„ç‰©ä½“çš„ä¸éœ€è¦çš„åå°„å¯¼è‡´> å¾—åˆ°ä¸å‡†ç¡®è¯
             -»æ•°çš„å¯èƒ½æ€§
  326          // é»˜è®¤ä¸º 0.25 MCPS å¯é¢„è®¾èŒƒå›´ä¸º 0 - 511.99
  327          #define DL1A_DEFAULT_RATE_LIMIT  (0.25)
  328          
  329          // ä»å¯„å­˜å™¨æ•°æ®è§£ç  PCLKs ä¸­ VCSEL (vertical cavity surface emitting laser) çš„è„‰å®½å‘¨æœŸ
  330          #define decode_vcsel_period(reg_val)            (((reg_val) + 1) << 1)
  331          
  332          // ä» PCLK ä¸­çš„ VCSEL å‘¨æœŸè®¡ç®—å®å‘¨æœŸ (ä»¥ *çº³ç§’ä¸ºå•ä½)
  333          // PLL_period_ps = 1655
  334          // macro_period_vclks = 2304
  335          #define calc_macro_period(vcsel_period_pclks)   ((((uint32)2304 * (vcsel_period_pclks) * 1655) + 500) / 1
             -000)
  336          
  337          //-------------------------------------------------------------------------------------------------------
             -------------
  338          // å‡½æ•°ç®€ä»‹     è·å–è®¾å¤‡ SPAD ä¿¡æ¯
  339          // å‚æ•°è¯´æ˜     index           ç´¢å¼•
  340          // å‚æ•°è¯´æ˜     type            ç±»å‹å€¼
  341          // è¿”å›å‚æ•°     uint8           æ˜¯å¦æˆåŠŸ 0-æˆåŠŸ 1-å¤±è´¥
  342          // ä½¿ç”¨ç¤ºä¾‹     dl1a_get_spad_info(index, type_is_aperture);
  343          // å¤‡æ³¨ä¿¡æ¯
  344          //-------------------------------------------------------------------------------------------------------
             -------------
  345          static uint8 dl1a_get_spad_info (uint8 *index, uint8 *type_is_aperture)
  346          {
  347   1          uint8 tmp = 0;
  348   1          uint8 return_state = 0;
  349   1          volatile uint16 loop_count = 0;
  350   1      
  351   1          do
  352   1          {
  353   2              dl1a_write_register(0x80, 0x01);
  354   2              dl1a_write_register(0xFF, 0x01);
  355   2              dl1a_write_register(0x00, 0x00);
  356   2      
  357   2              dl1a_write_register(0xFF, 0x06);
  358   2              dl1a_read_registers(0x83, &tmp, 1);
  359   2              dl1a_write_register(0x83, tmp | 0x04);
  360   2              dl1a_write_register(0xFF, 0x07);
  361   2              dl1a_write_register(0x81, 0x01);
  362   2      
  363   2              dl1a_write_register(0x80, 0x01);
  364   2      
  365   2              dl1a_write_register(0x94, 0x6b);
  366   2              dl1a_write_register(0x83, 0x00);
  367   2      
C251 COMPILER V5.60.0,  SEEKFREE_DL1A                                                      06/07/24  23:05:05  PAGE 7   

  368   2              tmp = 0x00;
  369   2      
  370   2              while(tmp != 0x10)
  371   2              {
  372   3                  dl1a_read_registers(0x83, &tmp, 1);
  373   3                  loop_count++;
  374   3      
  375   3                  if(loop_count == DL1A_TIMEOUT_COUNT)
  376   3                  {
  377   4                      return_state = 1;
  378   4                      break;
  379   4                  }
  380   3              }
  381   2      
  382   2              if(return_state)
  383   2              {
  384   3                  break;
  385   3              }
  386   2      
  387   2              dl1a_write_register(0x83, 0x01);
  388   2              dl1a_read_registers(0x92, &tmp, 1);
  389   2      
  390   2              *index = tmp & 0x7f;
  391   2              *type_is_aperture = (tmp >> 7) & 0x01;
  392   2      
  393   2              dl1a_write_register(0x81, 0x00);
  394   2              dl1a_write_register(0xFF, 0x06);
  395   2              dl1a_read_registers(0x83, &tmp, 1);
  396   2              dl1a_write_register(0x83, tmp);
  397   2              dl1a_write_register(0xFF, 0x01);
  398   2              dl1a_write_register(0x00, 0x01);
  399   2      
  400   2              dl1a_write_register(0xFF, 0x00);
  401   2              dl1a_write_register(0x80, 0x00);
  402   2          } while(0);
  403   1      
  404   1          return return_state;
  405   1      }
  406          
  407          //-------------------------------------------------------------------------------------------------------
             -------------
  408          // å‡½æ•°ç®€ä»‹     å°†è¶…æ—¶æ•°å€¼ä» MCLKs è½¬æ¢åˆ°å¯¹åº”çš„ ms
  409          // å‚æ•°è¯´æ˜     timeout_period_mclks    è¶…æ—¶å‘¨æœŸ MCLKs
  410          // å‚æ•°è¯´æ˜     vcsel_period_pclks      PCLK å€¼
  411          // è¿”å›å‚æ•°     uint32                  è¿”å›è¶…æ—¶æ•°å€¼
  412          // ä½¿ç”¨ç¤ºä¾‹     dl1a_timeout_mclks_to_microseconds(timeout_period_mclks, vcsel_period_pclks);
  413          // å¤‡æ³¨ä¿¡æ¯     å°†åºåˆ—æ­¥éª¤è¶…æ—¶ä»å…·æœ‰ç»™å®š VCSEL å‘¨æœŸçš„ MCLK (ä»¥ PCLK ä¸ºå•ä½)è½¬æ¢ä
             -¸ºå¾®ç§’
  414          //-------------------------------------------------------------------------------------------------------
             -------------
  415          static uint32 dl1a_timeout_mclks_to_microseconds (uint16 timeout_period_mclks, uint8 vcsel_period_pclks)
  416          {
  417   1          uint32 macro_period_ns = calc_macro_period(vcsel_period_pclks);
  418   1      
  419   1          return ((timeout_period_mclks * macro_period_ns) + (macro_period_ns / 2)) / 1000;
  420   1      }
  421          
  422          //-------------------------------------------------------------------------------------------------------
             -------------
  423          // å‡½æ•°ç®€ä»‹     å°†è¶…æ—¶æ•°å€¼ä» ms è½¬æ¢åˆ°å¯¹åº”çš„ MCLKs
  424          // å‚æ•°è¯´æ˜     timeout_period_us   è¶…æ—¶å‘¨æœŸ å¾®ç§’å•ä½
  425          // å‚æ•°è¯´æ˜     vcsel_period_pclks  PCLK å€¼
  426          // è¿”å›å‚æ•°     uint32              è¿”å›è¶…æ—¶æ•°å€¼
  427          // ä½¿ç”¨ç¤ºä¾‹     dl1a_timeout_microseconds_to_mclks(timeout_period_us, vcsel_period_pclks);
  428          // å¤‡æ³¨ä¿¡æ¯     å°†åºåˆ—æ­¥éª¤è¶…æ—¶ä»å¾®ç§’è½¬æ¢ä¸ºå…·æœ‰ç»™å®š VCSEL å‘¨æœŸçš„ MCLK (ä»¥ PCLK ä¸
             -ºå•ä½)
C251 COMPILER V5.60.0,  SEEKFREE_DL1A                                                      06/07/24  23:05:05  PAGE 8   

  429          //-------------------------------------------------------------------------------------------------------
             -------------
  430          static uint32 dl1a_timeout_microseconds_to_mclks (uint32 timeout_period_us, uint8 vcsel_period_pclks)
  431          {
  432   1          uint32 macro_period_ns = calc_macro_period(vcsel_period_pclks);
  433   1      
  434   1          return (((timeout_period_us * 1000) + (macro_period_ns / 2)) / macro_period_ns);
  435   1      }
  436          
  437          //-------------------------------------------------------------------------------------------------------
             -------------
  438          // å‡½æ•°ç®€ä»‹     å¯¹è¶…æ—¶æ•°å€¼è¿›è¡Œè§£ç 
  439          // å‚æ•°è¯´æ˜     reg_val         è¶…æ—¶æ—¶é•¿ å¯„å­˜å™¨å€¼
  440          // è¿”å›å‚æ•°     uint16          è¿”å›è¶…æ—¶æ•°å€¼
  441          // ä½¿ç”¨ç¤ºä¾‹     dl1a_decode_timeout(reg_val);
  442          // å¤‡æ³¨ä¿¡æ¯     ä»å¯„å­˜å™¨å€¼è§£ç  MCLK ä¸­çš„åºåˆ—æ­¥éª¤è¶…æ—¶
  443          //-------------------------------------------------------------------------------------------------------
             -------------
  444          static uint16 dl1a_decode_timeout (uint16 reg_val)
  445          {
  446   1          // æ ¼å¼: (LSByte * 2 ^ MSByte) + 1
  447   1          return  (uint16)((reg_val & 0x00FF) <<
  448   1                           (uint16)((reg_val & 0xFF00) >> 8)) + 1;
  449   1      }
  450          
  451          //-------------------------------------------------------------------------------------------------------
             -------------
  452          // å‡½æ•°ç®€ä»‹     å¯¹è¶…æ—¶æ•°å€¼è¿›è¡Œç¼–ç 
  453          // å‚æ•°è¯´æ˜     timeout_mclks   è¶…æ—¶æ—¶é•¿ -MCLKs å€¼
  454          // è¿”å›å‚æ•°     uint16          è¿”å›ç¼–ç å€¼
  455          // ä½¿ç”¨ç¤ºä¾‹     dl1a_encode_timeout(timeout_mclks);
  456          // å¤‡æ³¨ä¿¡æ¯     åœ¨ MCLK ä¸­å¯¹è¶…æ—¶çš„åºåˆ—æ­¥éª¤è¶…æ—¶å¯„å­˜å™¨å€¼è¿›è¡Œç¼–ç 
  457          //-------------------------------------------------------------------------------------------------------
             -------------
  458          static uint16 dl1a_encode_timeout (uint16 timeout_mclks)
  459          {
  460   1          uint32 ls_byte = 0;
  461   1          uint16 ms_byte = 0;
  462   1          uint16 return_data = 0;
  463   1      
  464   1          if (timeout_mclks > 0)
  465   1          {
  466   2              // æ ¼å¼: (LSByte * 2 ^ MSByte) + 1
  467   2              ls_byte = timeout_mclks - 1;
  468   2      
  469   2              while ((ls_byte & 0xFFFFFF00) > 0)
  470   2              {
  471   3                  ls_byte >>= 1;
  472   3                  ms_byte++;
  473   3              }
  474   2      
  475   2              return_data = (ms_byte << 8) | (ls_byte & 0xFF);
  476   2          }
  477   1      
  478   1          return return_data;
  479   1      }
  480          
  481          //-------------------------------------------------------------------------------------------------------
             -------------
  482          // å‡½æ•°ç®€ä»‹     è·å–åºåˆ—æ­¥éª¤ä½¿èƒ½è®¾ç½®
  483          // å‚æ•°è¯´æ˜     enables         åºåˆ—ä½¿èƒ½æ­¥éª¤ç»“æ„ä½“
  484          // è¿”å›å‚æ•°     void
  485          // ä½¿ç”¨ç¤ºä¾‹     dl1a_get_sequence_step_enables(enables);
  486          // å¤‡æ³¨ä¿¡æ¯
  487          //-------------------------------------------------------------------------------------------------------
             -------------
C251 COMPILER V5.60.0,  SEEKFREE_DL1A                                                      06/07/24  23:05:05  PAGE 9   

  488          static void dl1a_get_sequence_step_enables(dl1a_sequence_enables_step_struct *enables)
  489          {
  490   1          uint8 sequence_config = 0;
  491   1          dl1a_read_registers(DL1A_SYSTEM_SEQUENCE_CONFIG, &sequence_config, 1);
  492   1      
  493   1          enables->tcc          = (sequence_config >> 4) & 0x1;
  494   1          enables->dss          = (sequence_config >> 3) & 0x1;
  495   1          enables->msrc         = (sequence_config >> 2) & 0x1;
  496   1          enables->pre_range    = (sequence_config >> 6) & 0x1;
  497   1          enables->final_range  = (sequence_config >> 7) & 0x1;
  498   1      }
  499          
  500          //-------------------------------------------------------------------------------------------------------
             -------------
  501          // å‡½æ•°ç®€ä»‹     è·å–è„‰å†²å‘¨æœŸ
  502          // å‚æ•°è¯´æ˜     type            é¢„é‡ç¨‹ç±»å‹
  503          // è¿”å›å‚æ•°     uint8           è¿”å›çš„å‘¨æœŸå€¼
  504          // ä½¿ç”¨ç¤ºä¾‹     dl1a_get_vcsel_pulse_period(DL1A_VCSEL_PERIOD_PER_RANGE);
  505          // å¤‡æ³¨ä¿¡æ¯     åœ¨ PCLKs ä¸­è·å–ç»™å®šå‘¨æœŸç±»å‹çš„ VCSEL è„‰å†²å‘¨æœŸ
  506          //-------------------------------------------------------------------------------------------------------
             -------------
  507          static uint8 dl1a_get_vcsel_pulse_period (dl1a_vcsel_period_type_enum type)
  508          {
  509   1          uint8 data_buffer = 0;
  510   1      
  511   1          if (type == DL1A_VCSEL_PERIOD_PER_RANGE)
  512   1          {
  513   2              dl1a_read_registers(DL1A_PRE_RANGE_CONFIG_VCSEL_PERIOD, &data_buffer, 1);
  514   2              data_buffer = decode_vcsel_period(data_buffer);
  515   2          }
  516   1          else if (type == DL1A_VCSEL_PERIOD_FINAL_RANGE)
  517   1          {
  518   2              dl1a_read_registers(DL1A_FINAL_RANGE_CONFIG_VCSEL_PERIOD, &data_buffer, 1);
  519   2              data_buffer = decode_vcsel_period(data_buffer);
  520   2          }
  521   1          else
  522   1          {
  523   2              data_buffer = 255;
  524   2          }
  525   1      
  526   1          return data_buffer;
  527   1      }
  528          
  529          //-------------------------------------------------------------------------------------------------------
             -------------
  530          // å‡½æ•°ç®€ä»‹     è·å–åºåˆ—æ­¥éª¤è¶…æ—¶è®¾ç½®
  531          // å‚æ•°è¯´æ˜     enables         åºåˆ—ä½¿èƒ½æ­¥éª¤ç»“æ„ä½“
  532          // å‚æ•°è¯´æ˜     timeouts        åºåˆ—è¶…æ—¶æ­¥éª¤ç»“æ„ä½“
  533          // è¿”å›å‚æ•°     void
  534          // ä½¿ç”¨ç¤ºä¾‹     dl1a_get_sequence_step_timeouts(enables, timeouts);
  535          // å¤‡æ³¨ä¿¡æ¯     è·å–æ‰€æœ‰è¶…æ—¶è€Œä¸ä»…ä»…æ˜¯è¯·æ±‚çš„è¶…æ—¶ å¹¶ä¸”è¿˜å­˜å‚¨ä¸­é—´å€¼
  536          //-------------------------------------------------------------------------------------------------------
             -------------
  537          static void dl1a_get_sequence_step_timeouts (dl1a_sequence_enables_step_struct const *enables, dl1a_seque
             -nce_timeout_step_struct *timeouts)
  538          {
  539   1          uint8 reg_buffer[2];
  540   1          uint16 reg16_buffer = 0;
  541   1      
  542   1          timeouts->pre_range_vcsel_period_pclks = dl1a_get_vcsel_pulse_period(DL1A_VCSEL_PERIOD_PER_RANGE);
  543   1      
  544   1          dl1a_read_registers(DL1A_MSRC_CONFIG_TIMEOUT_MACROP, reg_buffer, 1);
  545   1          timeouts->msrc_dss_tcc_mclks = reg_buffer[0] + 1;
  546   1          timeouts->msrc_dss_tcc_us = dl1a_timeout_mclks_to_microseconds(timeouts->msrc_dss_tcc_mclks, (uint8)t
             -imeouts->pre_range_vcsel_period_pclks);
  547   1      
C251 COMPILER V5.60.0,  SEEKFREE_DL1A                                                      06/07/24  23:05:05  PAGE 10  

  548   1          dl1a_read_registers(DL1A_PRE_RANGE_CONFIG_TIMEOUT_MACROP_HI, reg_buffer, 2);
  549   1          reg16_buffer = ((uint16) reg_buffer[0] << 8) | reg_buffer[1];
  550   1          timeouts->pre_range_mclks = dl1a_decode_timeout(reg16_buffer);
  551   1          timeouts->pre_range_us = dl1a_timeout_mclks_to_microseconds(timeouts->pre_range_mclks, (uint8)timeout
             -s->pre_range_vcsel_period_pclks);
  552   1      
  553   1          timeouts->final_range_vcsel_period_pclks = dl1a_get_vcsel_pulse_period(DL1A_VCSEL_PERIOD_FINAL_RANGE)
             -;
  554   1      
  555   1          dl1a_read_registers(DL1A_FINAL_RANGE_CONFIG_TIMEOUT_MACROP_HI, reg_buffer, 2);
  556   1          reg16_buffer = ((uint16) reg_buffer[0] << 8) | reg_buffer[1];
  557   1          timeouts->final_range_mclks = dl1a_decode_timeout(reg16_buffer);
  558   1      
  559   1          if (enables->pre_range)
  560   1          {
  561   2              timeouts->final_range_mclks -= timeouts->pre_range_mclks;
  562   2          }
  563   1      
  564   1          timeouts->final_range_us = dl1a_timeout_mclks_to_microseconds(timeouts->final_range_mclks, (uint8)tim
             -eouts->final_range_vcsel_period_pclks);
  565   1      }
  566          
  567          //-------------------------------------------------------------------------------------------------------
             -------------
  568          // å‡½æ•°ç®€ä»‹     æ‰§è¡Œå•æ¬¡å‚è€ƒæ ¡å‡†
  569          // å‚æ•°è¯´æ˜     vhv_init_byte   é¢„è®¾æ ¡å‡†å€¼
  570          // è¿”å›å‚æ•°     uint8           æ“ä½œæ˜¯å¦æˆåŠŸ 0-æˆåŠŸ 1-å¤±è´¥
  571          // ä½¿ç”¨ç¤ºä¾‹     dl1a_get_vcsel_pulse_period(DL1A_VCSEL_PERIOD_PER_RANGE);
  572          // å¤‡æ³¨ä¿¡æ¯     åœ¨ PCLKs ä¸­è·å–ç»™å®šå‘¨æœŸç±»å‹çš„ VCSEL è„‰å†²å‘¨æœŸ
  573          //-------------------------------------------------------------------------------------------------------
             -------------
  574          static uint8 dl1a_perform_single_ref_calibration (uint8 vhv_init_byte)
  575          {
  576   1          uint8 return_state = 0;
  577   1          uint8 data_buffer = 0;
  578   1          volatile uint16 loop_count = 0;
  579   1      
  580   1          do
  581   1          {
  582   2              dl1a_write_register(DL1A_SYSRANGE_START, 0x01 | vhv_init_byte);
  583   2              dl1a_read_registers(DL1A_MSRC_CONFIG_TIMEOUT_MACROP, &data_buffer, 1);
  584   2      
  585   2              while ((data_buffer & 0x07) == 0)
  586   2              {
  587   3                  if (loop_count > 0x8fe0)
  588   3                  {
  589   4                      return_state = 1;
  590   4                      break;
  591   4                  }
  592   3      
  593   3                  if (loop_count++ % 0x10 == 0)
  594   3                  {
  595   4                      dl1a_read_registers(DL1A_MSRC_CONFIG_TIMEOUT_MACROP, &data_buffer, 1);
  596   4                  }
  597   3              }
  598   2      
  599   2              if(return_state)
  600   2              {
  601   3                  break;
  602   3              }
  603   2      
  604   2              dl1a_write_register(DL1A_SYSTEM_INTERRUPT_CLEAR, 0x01);
  605   2              dl1a_write_register(DL1A_SYSRANGE_START, 0x00);
  606   2          } while(0);
  607   1      
  608   1          return return_state;
C251 COMPILER V5.60.0,  SEEKFREE_DL1A                                                      06/07/24  23:05:05  PAGE 11  

  609   1      }
  610          
  611          //-------------------------------------------------------------------------------------------------------
             -------------
  612          // å‡½æ•°ç®€ä»‹     è®¾ç½®æµ‹é‡å®šæ—¶é¢„ç®— (ä»¥å¾®ç§’ä¸ºå•ä½)
  613          // å‚æ•°è¯´æ˜     budget_us       è®¾å®šçš„æµ‹é‡å…è®¸çš„æ—¶é—´
  614          // è¿”å›å‚æ•°     uint8           æ“ä½œç»“æœ 0-æˆåŠŸ 1-å¤±è´¥
  615          // ä½¿ç”¨ç¤ºä¾‹     dl1a_set_measurement_timing_budget(measurement_timing_budget_us);
  616          // å¤‡æ³¨ä¿¡æ¯     è¿™æ˜¯ä¸€æ¬¡æµ‹é‡å…è®¸çš„æ—¶é—´
  617          //              å³åœ¨æµ‹è·åºåˆ—çš„å­æ­¥éª¤ä¹‹é—´åˆ†é…æ—¶é—´é¢„ç®—
  618          //              æ›´é•¿çš„æ—¶é—´é¢„ç®—å…è®¸æ›´ç²¾ç¡®çš„æµ‹é‡
  619          //              å¢åŠ ä¸€ä¸ªNå€çš„é¢„ç®—å¯ä»¥å‡å°‘ä¸€ä¸ªsqrt(N)å€çš„èŒƒå›´æµ‹é‡æ ‡å‡†åå·®
  620          //              é»˜è®¤ä¸º33æ¯«ç§’ æœ€å°å€¼ä¸º20 ms
  621          //-------------------------------------------------------------------------------------------------------
             -------------
  622          static uint8 dl1a_set_measurement_timing_budget (uint32 budget_us)
  623          {
  624   1          uint8 return_state = 0;
  625   1          uint8 data_buffer[3];
  626   1          uint16 dat = 0;
  627   1          uint32 used_budget_us;
  628   1          uint32 final_range_timeout_us;
  629   1          uint16 final_range_timeout_mclks;
  630   1      
  631   1          dl1a_sequence_enables_step_struct enables;
  632   1          dl1a_sequence_timeout_step_struct timeouts;
  633   1      
  634   1          do
  635   1          {
  636   2              if (budget_us < DL1A_MIN_TIMING_BUDGET)
  637   2              {
  638   3                  return_state = 1;
  639   3                  break;
  640   3              }
  641   2      
  642   2              used_budget_us = DL1A_SET_START_OVERHEAD + DL1A_END_OVERHEAD;
  643   2              dl1a_get_sequence_step_enables(&enables);
  644   2              dl1a_get_sequence_step_timeouts(&enables, &timeouts);
  645   2      
  646   2              if (enables.tcc)
  647   2              {
  648   3                  used_budget_us += (timeouts.msrc_dss_tcc_us + DL1A_TCC_OVERHEAD);
  649   3              }
  650   2      
  651   2              if (enables.dss)
  652   2              {
  653   3                  used_budget_us += 2 * (timeouts.msrc_dss_tcc_us + DL1A_DSS_OVERHEAD);
  654   3              }
  655   2              else if (enables.msrc)
  656   2              {
  657   3                  used_budget_us += (timeouts.msrc_dss_tcc_us + DL1A_MSRC_OVERHEAD);
  658   3              }
  659   2      
  660   2              if (enables.pre_range)
  661   2              {
  662   3                  used_budget_us += (timeouts.pre_range_us + DL1A_PRERANGE_OVERHEAD);
  663   3              }
  664   2      
  665   2              if (enables.final_range)
  666   2              {
  667   3                  // è¯·æ³¨æ„ æœ€ç»ˆèŒƒå›´è¶…æ—¶ç”±è®¡æ—¶é¢„ç®—å’Œåºåˆ—ä¸­æ‰€æœ‰å…¶ä»–è¶…æ—¶çš„æ€»å’Œå†³å®š
  668   3                  // å¦‚æœæ²¡æœ‰ç©ºé—´ç”¨äºæœ€ç»ˆèŒƒå›´è¶…æ—¶ åˆ™å°†è®¾ç½®é”™è¯¯
  669   3                  // å¦åˆ™ å‰©ä½™æ—¶é—´å°†åº”ç”¨äºæœ€ç»ˆèŒƒå›´
  670   3                  used_budget_us += DL1A_FINALlRANGE_OVERHEAD;
  671   3      
  672   3                  if (used_budget_us > budget_us)
C251 COMPILER V5.60.0,  SEEKFREE_DL1A                                                      06/07/24  23:05:05  PAGE 12  

  673   3                  {
  674   4                      // è¯·æ±‚çš„è¶…æ—¶å¤ªå¤§
  675   4                      return_state = 1;
  676   4                      break;
  677   4                  }
  678   3      
  679   3                  // å¯¹äºæœ€ç»ˆè¶…æ—¶èŒƒå›´ å¿…é¡»æ·»åŠ é¢„é‡ç¨‹èŒƒå›´è¶…æ—¶
  680   3                  // ä¸ºæ­¤ æœ€ç»ˆè¶…æ—¶å’Œé¢„é‡ç¨‹è¶…æ—¶å¿…é¡»ä»¥å®å‘¨æœŸ MClks è¡¨ç¤º
  681   3                  // å› ä¸ºå®ƒä»¬å…·æœ‰ä¸åŒçš„ VCSEL å‘¨æœŸ
  682   3                  final_range_timeout_us = budget_us - used_budget_us;
  683   3                  final_range_timeout_mclks =
  684   3                      dl1a_timeout_microseconds_to_mclks(final_range_timeout_us,
  685   3                                                         (uint8)timeouts.final_range_vcsel_period_pclks);
  686   3      
  687   3                  if (enables.pre_range)
  688   3                  {
  689   4                      final_range_timeout_mclks += timeouts.pre_range_mclks;
  690   4                  }
  691   3      
  692   3                  dat = dl1a_encode_timeout(final_range_timeout_mclks);
  693   3                  data_buffer[0] = DL1A_FINAL_RANGE_CONFIG_TIMEOUT_MACROP_HI;
  694   3                  data_buffer[1] = ((dat >> 8) & 0xFF);
  695   3                  data_buffer[2] = (dat & 0xFF);
  696   3                  dl1a_write_array(data_buffer, 3);
  697   3              }
  698   2          } while(0);
  699   1      
  700   1          return return_state;
  701   1      }
  702          
  703          //-------------------------------------------------------------------------------------------------------
             -------------
  704          // å‡½æ•°ç®€ä»‹     è·å–æµ‹é‡å®šæ—¶é¢„ç®— (ä»¥å¾®ç§’ä¸ºå•ä½)
  705          // å‚æ•°è¯´æ˜     void
  706          // è¿”å›å‚æ•°     uint32          å·²è®¾å®šçš„æµ‹é‡å…è®¸çš„æ—¶é—´
  707          // ä½¿ç”¨ç¤ºä¾‹     dl1a_get_measurement_timing_budget();
  708          // å¤‡æ³¨ä¿¡æ¯
  709          //-------------------------------------------------------------------------------------------------------
             -------------
  710          static uint32 dl1a_get_measurement_timing_budget (void)
  711          {
  712   1          dl1a_sequence_enables_step_struct enables;
  713   1          dl1a_sequence_timeout_step_struct timeouts;
  714   1      
  715   1          // å¼€å§‹å’Œç»“æŸå¼€é”€æ—¶é—´å§‹ç»ˆå­˜åœ¨
  716   1          uint32 budget_us = DL1A_GET_START_OVERHEAD + DL1A_END_OVERHEAD;
  717   1      
  718   1          dl1a_get_sequence_step_enables(&enables);
  719   1          dl1a_get_sequence_step_timeouts(&enables, &timeouts);
  720   1      
  721   1          if (enables.tcc)
  722   1          {
  723   2              budget_us += (timeouts.msrc_dss_tcc_us + DL1A_TCC_OVERHEAD);
  724   2          }
  725   1      
  726   1          if (enables.dss)
  727   1          {
  728   2              budget_us += 2 * (timeouts.msrc_dss_tcc_us + DL1A_DSS_OVERHEAD);
  729   2          }
  730   1          else if (enables.msrc)
  731   1          {
  732   2              budget_us += (timeouts.msrc_dss_tcc_us + DL1A_MSRC_OVERHEAD);
  733   2          }
  734   1      
  735   1          if (enables.pre_range)
  736   1          {
C251 COMPILER V5.60.0,  SEEKFREE_DL1A                                                      06/07/24  23:05:05  PAGE 13  

  737   2              budget_us += (timeouts.pre_range_us + DL1A_PRERANGE_OVERHEAD);
  738   2          }
  739   1      
  740   1          if (enables.final_range)
  741   1          {
  742   2              budget_us += (timeouts.final_range_us + DL1A_FINALlRANGE_OVERHEAD);
  743   2          }
  744   1      
  745   1          return budget_us;
  746   1      }
  747          
  748          //-------------------------------------------------------------------------------------------------------
             -------------
  749          // å‡½æ•°ç®€ä»‹     è®¾ç½®è¿”å›ä¿¡å·é€Ÿç‡é™åˆ¶ è¯¥å€¼å•ä½ä¸º MCPS (ç™¾ä¸‡æ¬¡æ¯ç§’)
  750          // å‚æ•°è¯´æ˜     limit_mcps      è®¾ç½®çš„æœ€å°é€Ÿç‡
  751          // è¿”å›å‚æ•°     void
  752          // ä½¿ç”¨ç¤ºä¾‹     dl1a_set_signal_rate_limit(0.25);
  753          // å¤‡æ³¨ä¿¡æ¯     è¿™ä¸ªé€Ÿç‡è¡¨ç¤ºä»ç›®æ ‡åå°„å¹¶è¢«è®¾å¤‡æ£€æµ‹åˆ°çš„ä¿¡å·çš„æŒ¯å¹…
  754          //              è®¾ç½®æ­¤é™åˆ¶å¯ä»¥ç¡®å®šä¼ æ„Ÿå™¨æŠ¥å‘Šæœ‰æ•ˆè¯»æ•°æ‰€éœ€çš„æœ€å°æµ‹é‡å€¼
  755          //              è®¾ç½®ä¸€ä¸ªè¾ƒä½çš„é™åˆ¶å¯ä»¥å¢åŠ ä¼ æ„Ÿå™¨çš„æµ‹é‡èŒƒå›´
  756          //              ä½†ä¼¼ä¹ä¹Ÿå¢åŠ äº† <ç”±äºæ¥è‡ªç›®æ ‡ä»¥å¤–çš„ç‰©ä½“çš„ä¸éœ€è¦çš„åå°„å¯¼è‡´> å¾—å
             -ˆ°ä¸å‡†ç¡®è¯»æ•°çš„å¯èƒ½æ€§
  757          //              é»˜è®¤ä¸º 0.25 MCPS å¯é¢„è®¾èŒƒå›´ä¸º 0 - 511.99
  758          //-------------------------------------------------------------------------------------------------------
             -------------
  759          static void dl1a_set_signal_rate_limit (float limit_mcps)
  760          {
  761   1          uint8 data_buffer[3];
  762   1          uint16 limit_mcps_16bit = (limit_mcps * (1 << 7));
  763   1          //zf_assert(limit_mcps >= 0 || limit_mcps <= 511.99);
  764   1      
  765   1      
  766   1          data_buffer[0] = DL1A_FINAL_RANGE_CONFIG_MIN_COUNT_RATE_RTN_LIMIT;
  767   1          data_buffer[1] = ((limit_mcps_16bit >> 8) & 0xFF);
  768   1          data_buffer[2] = (limit_mcps_16bit & 0xFF);
  769   1      
  770   1          dl1a_write_array(data_buffer, 3);
  771   1      }
  772          
  773          //-------------------------------------------------------------------------------------------------------
             -------------
  774          // å‡½æ•°ç®€ä»‹     è¿”å›ä»¥æ¯«ç±³ä¸ºå•ä½çš„èŒƒå›´è¯»æ•°
  775          // å‚æ•°è¯´æ˜     void
  776          // è¿”å›å‚æ•°     uint8           0-æ•°æ®æ— æ•ˆ 1-æ•°æ®æœ‰æ•ˆ
  777          // ä½¿ç”¨ç¤ºä¾‹     dl1a_get_distance();
  778          // å¤‡æ³¨ä¿¡æ¯     åœ¨å¼€å§‹å•æ¬¡å°„ç¨‹æµ‹é‡åä¹Ÿè°ƒç”¨æ­¤å‡½æ•°
  779          //-------------------------------------------------------------------------------------------------------
             -------------
  780          void dl1a_get_distance (void)
  781          {
  782   1          uint8 reg_databuffer[3];
  783   1      
  784   1          dl1a_read_registers_1(DL1A_RESULT_INTERRUPT_STATUS, reg_databuffer, 1);
  785   1      
  786   1          if((reg_databuffer[0] & 0x07) == 0)
  787   1          {
  788   2              dl1a_finsh_flag = 0;
  789   2          }
  790   1          else
  791   1          {
  792   2              // å‡è®¾çº¿æ€§åº¦æ ¡æ­£å¢ç›Šä¸ºé»˜è®¤å€¼ 1000 ä¸”æœªå¯ç”¨åˆ†æ•°èŒƒå›´
  793   2              dl1a_read_registers_1(DL1A_RESULT_RANGE_STATUS + 10, reg_databuffer, 2);
  794   2              dl1a_distance_mm = ((uint16)reg_databuffer[0] << 8);
  795   2              dl1a_distance_mm |= reg_databuffer[1];
  796   2      
  797   2              dl1a_write_register(DL1A_SYSTEM_INTERRUPT_CLEAR, 0x01);
C251 COMPILER V5.60.0,  SEEKFREE_DL1A                                                      06/07/24  23:05:05  PAGE 14  

  798   2              dl1a_finsh_flag = 1;
  799   2          }
  800   1      }
  801          
  802          //-------------------------------------------------------------------------------------------------------
             -------------
  803          // å‡½æ•°ç®€ä»‹     åˆå§‹åŒ– DL1A
  804          // å‚æ•°è¯´æ˜     void
  805          // è¿”å›å‚æ•°     uint8           1-åˆå§‹åŒ–å¤±è´¥ 0-åˆå§‹åŒ–æˆåŠŸ
  806          // ä½¿ç”¨ç¤ºä¾‹     dl1a_init();
  807          // å¤‡æ³¨ä¿¡æ¯
  808          //-------------------------------------------------------------------------------------------------------
             -------------
  809          uint8 dl1a_init (void)
  810          {
  811   1          uint32 measurement_timing_budget_us = 0;
  812   1          uint8 stop_variable = 0;
  813   1          uint8 return_state = 0;
  814   1          uint8 reg_data_buffer = 0;
  815   1          uint8 ref_spad_map[6];
  816   1          uint8 data_buffer[7];
  817   1          uint8 i = 0;
  818   1      
  819   1          memset(ref_spad_map, 0, 6);
  820   1          memset(data_buffer, 0, 7);
  821   1      
  822   1      
  823   1      
  824   1          do
  825   1          {
  826   2              delay_ms(100);
  827   2              DL1A_XSHUT_PIN = 0;
  828   2              delay_ms(50);
  829   2              DL1A_XSHUT_PIN = 1;
  830   2              delay_ms(100);
  831   2      
  832   2              // -------------------------------- DL1A å¯åŠ¨åˆå§‹åŒ– --------------------------------
  833   2              reg_data_buffer = dl1a_read_register(DL1A_IO_VOLTAGE_CONFIG);         // ä¼ æ„Ÿå™¨é»˜è®¤ IO ä¸º 1
             -.8V æ¨¡å¼
  834   2              dl1a_write_register(DL1A_IO_VOLTAGE_CONFIG, reg_data_buffer | 0x01);  // é…ç½® IO ä¸º 2.8V æ¨¡å¼
             -
  835   2      
  836   2              dl1a_write_register(0x88, 0x00);                                         // è®¾ç½®ä¸ºæ ‡å‡† IIC æ
             -¨¡å¼
  837   2      
  838   2              dl1a_write_register(0x80, 0x01);
  839   2              dl1a_write_register(0xFF, 0x01);
  840   2              dl1a_write_register(0x00, 0x00);
  841   2      
  842   2              dl1a_read_registers(0x91, &stop_variable, 1);
  843   2      
  844   2              dl1a_write_register(0x00, 0x01);
  845   2              dl1a_write_register(0xFF, 0x00);
  846   2              dl1a_write_register(0x80, 0x00);
  847   2      
  848   2              // ç¦ç”¨ SIGNAL_RATE_MSRC(bit1) å’Œ SIGNAL_RATE_PRE_RANGE(bit4) é™åˆ¶æ£€æŸ¥
  849   2              reg_data_buffer = dl1a_read_register(DL1A_MSRC_CONFIG);
  850   2              dl1a_write_register(DL1A_MSRC_CONFIG, reg_data_buffer | 0x12);
  851   2      
  852   2              dl1a_set_signal_rate_limit(DL1A_DEFAULT_RATE_LIMIT);                  // è®¾ç½®ä¿¡å·é€Ÿç‡é™åˆ¶
  853   2              dl1a_write_register(DL1A_SYSTEM_SEQUENCE_CONFIG, 0xFF);
  854   2              // -------------------------------- DL1A å¯åŠ¨åˆå§‹åŒ– --------------------------------
  855   2      
  856   2              // -------------------------------- DL1A é…ç½®åˆå§‹åŒ– --------------------------------
  857   2              if (dl1a_get_spad_info(&data_buffer[0], &data_buffer[1]))
  858   2              {
C251 COMPILER V5.60.0,  SEEKFREE_DL1A                                                      06/07/24  23:05:05  PAGE 15  

  859   3                  return_state = 1;
  860   3                  // å¦‚æœç¨‹åºåœ¨è¾“å‡ºäº†æ–­è¨€ä¿¡æ¯ å¹¶ä¸”æç¤ºå‡ºé”™ä½ç½®åœ¨è¿™é‡Œ
  861   3                  // é‚£ä¹ˆå°±æ˜¯ dl1a è‡ªæ£€å‡ºé”™å¹¶è¶…æ—¶é€€å‡ºäº†
  862   3                  // æ£€æŸ¥ä¸€ä¸‹æ¥çº¿æœ‰æ²¡æœ‰é—®é¢˜ å¦‚æœæ²¡é—®é¢˜å¯èƒ½å°±æ˜¯åäº†
  863   3      
  864   3                  printf("dl1a init error.\r\n");
  865   3                  break;
  866   3              }
  867   2      
  868   2              // ä» GLOBAL_CONFIG_SPAD_ENABLES_REF_[0-6] è·å– SPAD map (RefGoodSpadMap) æ•°æ®
  869   2              dl1a_read_registers(DL1A_GLOBAL_CONFIG_SPAD_ENABLES_REF_0, ref_spad_map, 6);
  870   2      
  871   2              dl1a_write_register(0xFF, 0x01);
  872   2              dl1a_write_register(DL1A_DYNAMIC_SPAD_REF_EN_START_OFFSET, 0x00);
  873   2              dl1a_write_register(DL1A_DYNAMIC_SPAD_NUM_REQUESTED_REF_SPAD, 0x2C);
  874   2              dl1a_write_register(0xFF, 0x00);
  875   2              dl1a_write_register(DL1A_GLOBAL_CONFIG_REF_EN_START_SELECT, 0xB4);
  876   2      
  877   2              data_buffer[2] = data_buffer[1] ? 12 : 0; // 12 is the first aperture spad
  878   2      
  879   2              for (i = 0; i < 48; i++)
  880   2              {
  881   3                  if (i < data_buffer[2] || data_buffer[3] == data_buffer[0])
  882   3                  {
  883   4                      // æ­¤ä½ä½äºåº”å¯ç”¨çš„ç¬¬ä¸€ä¸ªä½
  884   4                      // æˆ–è€… (eference_spad_count) ä½å·²å¯ç”¨
  885   4                      // å› æ­¤æ­¤ä½ä¸ºé›¶
  886   4                      ref_spad_map[i / 8] &= ~(1 << (i % 8));
  887   4                  }
  888   3                  else if ((ref_spad_map[i / 8] >> (i % 8)) & 0x1)
  889   3                  {
  890   4                      data_buffer[3]++;
  891   4                  }
  892   3              }
  893   2      
  894   2              data_buffer[0] = DL1A_GLOBAL_CONFIG_SPAD_ENABLES_REF_0;
  895   2      
  896   2              for(i = 1; i < 7; i++)
  897   2              {
  898   3                  data_buffer[1] = ref_spad_map[i - 1];
  899   3              }
  900   2      
  901   2              dl1a_write_array(data_buffer, 7);
  902   2      
  903   2              // é»˜è®¤è½¬æ¢è®¾ç½® version 02/11/2015_v36
  904   2              dl1a_write_register(0xFF, 0x01);
  905   2              dl1a_write_register(0x00, 0x00);
  906   2              dl1a_write_register(0xFF, 0x00);
  907   2              dl1a_write_register(0x09, 0x00);
  908   2              dl1a_write_register(0x10, 0x00);
  909   2              dl1a_write_register(0x11, 0x00);
  910   2              dl1a_write_register(0x24, 0x01);
  911   2              dl1a_write_register(0x25, 0xFF);
  912   2              dl1a_write_register(0x75, 0x00);
  913   2              dl1a_write_register(0xFF, 0x01);
  914   2              dl1a_write_register(0x4E, 0x2C);
  915   2              dl1a_write_register(0x48, 0x00);
  916   2              dl1a_write_register(0x30, 0x20);
  917   2              dl1a_write_register(0xFF, 0x00);
  918   2              dl1a_write_register(0x30, 0x09);
  919   2              dl1a_write_register(0x54, 0x00);
  920   2              dl1a_write_register(0x31, 0x04);
  921   2              dl1a_write_register(0x32, 0x03);
  922   2              dl1a_write_register(0x40, 0x83);
  923   2              dl1a_write_register(0x46, 0x25);
  924   2              dl1a_write_register(0x60, 0x00);
C251 COMPILER V5.60.0,  SEEKFREE_DL1A                                                      06/07/24  23:05:05  PAGE 16  

  925   2              dl1a_write_register(0x27, 0x00);
  926   2              dl1a_write_register(0x50, 0x06);
  927   2              dl1a_write_register(0x51, 0x00);
  928   2              dl1a_write_register(0x52, 0x96);
  929   2              dl1a_write_register(0x56, 0x08);
  930   2              dl1a_write_register(0x57, 0x30);
  931   2              dl1a_write_register(0x61, 0x00);
  932   2              dl1a_write_register(0x62, 0x00);
  933   2              dl1a_write_register(0x64, 0x00);
  934   2              dl1a_write_register(0x65, 0x00);
  935   2              dl1a_write_register(0x66, 0xA0);
  936   2              dl1a_write_register(0xFF, 0x01);
  937   2              dl1a_write_register(0x22, 0x32);
  938   2              dl1a_write_register(0x47, 0x14);
  939   2              dl1a_write_register(0x49, 0xFF);
  940   2              dl1a_write_register(0x4A, 0x00);
  941   2              dl1a_write_register(0xFF, 0x00);
  942   2              dl1a_write_register(0x7A, 0x0A);
  943   2              dl1a_write_register(0x7B, 0x00);
  944   2              dl1a_write_register(0x78, 0x21);
  945   2              dl1a_write_register(0xFF, 0x01);
  946   2              dl1a_write_register(0x23, 0x34);
  947   2              dl1a_write_register(0x42, 0x00);
  948   2              dl1a_write_register(0x44, 0xFF);
  949   2              dl1a_write_register(0x45, 0x26);
  950   2              dl1a_write_register(0x46, 0x05);
  951   2              dl1a_write_register(0x40, 0x40);
  952   2              dl1a_write_register(0x0E, 0x06);
  953   2              dl1a_write_register(0x20, 0x1A);
  954   2              dl1a_write_register(0x43, 0x40);
  955   2              dl1a_write_register(0xFF, 0x00);
  956   2              dl1a_write_register(0x34, 0x03);
  957   2              dl1a_write_register(0x35, 0x44);
  958   2              dl1a_write_register(0xFF, 0x01);
  959   2              dl1a_write_register(0x31, 0x04);
  960   2              dl1a_write_register(0x4B, 0x09);
  961   2              dl1a_write_register(0x4C, 0x05);
  962   2              dl1a_write_register(0x4D, 0x04);
  963   2              dl1a_write_register(0xFF, 0x00);
  964   2              dl1a_write_register(0x44, 0x00);
  965   2              dl1a_write_register(0x45, 0x20);
  966   2              dl1a_write_register(0x47, 0x08);
  967   2              dl1a_write_register(0x48, 0x28);
  968   2              dl1a_write_register(0x67, 0x00);
  969   2              dl1a_write_register(0x70, 0x04);
  970   2              dl1a_write_register(0x71, 0x01);
  971   2              dl1a_write_register(0x72, 0xFE);
  972   2              dl1a_write_register(0x76, 0x00);
  973   2              dl1a_write_register(0x77, 0x00);
  974   2              dl1a_write_register(0xFF, 0x01);
  975   2              dl1a_write_register(0x0D, 0x01);
  976   2              dl1a_write_register(0xFF, 0x00);
  977   2              dl1a_write_register(0x80, 0x01);
  978   2              dl1a_write_register(0x01, 0xF8);
  979   2              dl1a_write_register(0xFF, 0x01);
  980   2              dl1a_write_register(0x8E, 0x01);
  981   2              dl1a_write_register(0x00, 0x01);
  982   2              dl1a_write_register(0xFF, 0x00);
  983   2              dl1a_write_register(0x80, 0x00);
  984   2      
  985   2              // å°†ä¸­æ–­é…ç½®è®¾ç½®ä¸ºæ–°æ ·å“å°±ç»ª
  986   2              dl1a_write_register(DL1A_SYSTEM_INTERRUPT_GPIO_CONFIG, 0x04);
  987   2              reg_data_buffer = dl1a_read_register(DL1A_GPIO_HV_MUX_ACTIVE_HIGH);
  988   2              dl1a_write_register(DL1A_GPIO_HV_MUX_ACTIVE_HIGH, reg_data_buffer & ~0x10);
  989   2              dl1a_write_register(DL1A_SYSTEM_INTERRUPT_CLEAR, 0x01);
  990   2      
C251 COMPILER V5.60.0,  SEEKFREE_DL1A                                                      06/07/24  23:05:05  PAGE 17  

  991   2              measurement_timing_budget_us  = dl1a_get_measurement_timing_budget();
  992   2      
  993   2              // é»˜è®¤æƒ…å†µä¸‹ç¦ç”¨ MSRC å’Œ TCC
  994   2              // MSRC = Minimum Signal Rate Check
  995   2              // TCC = Target CentreCheck
  996   2              dl1a_write_register(DL1A_SYSTEM_SEQUENCE_CONFIG, 0xE8);
  997   2              dl1a_set_measurement_timing_budget(measurement_timing_budget_us);    // é‡æ–°è®¡ç®—æ—¶åºé¢„ç®—
  998   2              // -------------------------------- DL1A é…ç½®åˆå§‹åŒ– --------------------------------
  999   2      
 1000   2              dl1a_write_register(DL1A_SYSTEM_SEQUENCE_CONFIG, 0x01);
 1001   2      
 1002   2              if (dl1a_perform_single_ref_calibration(0x40))
 1003   2              {
 1004   3                  return_state = 1;
 1005   3                  break;
 1006   3              }
 1007   2      
 1008   2              dl1a_write_register(DL1A_SYSTEM_SEQUENCE_CONFIG, 0x02);
 1009   2      
 1010   2              if (dl1a_perform_single_ref_calibration(0x00))
 1011   2              {
 1012   3                  return_state = 1;
 1013   3                  break;
 1014   3              }
 1015   2      
 1016   2              dl1a_write_register(DL1A_SYSTEM_SEQUENCE_CONFIG, 0xE8);           // æ¢å¤ä»¥å‰çš„åºåˆ—é…ç½®
 1017   2      
 1018   2              delay_ms(100);
 1019   2      
 1020   2              dl1a_write_register(0x80, 0x01);
 1021   2              dl1a_write_register(0xFF, 0x01);
 1022   2              dl1a_write_register(0x00, 0x00);
 1023   2              dl1a_write_register(0x91, stop_variable);
 1024   2              dl1a_write_register(0x00, 0x01);
 1025   2              dl1a_write_register(0xFF, 0x00);
 1026   2              dl1a_write_register(0x80, 0x00);
 1027   2      
 1028   2              dl1a_write_register(DL1A_SYSRANGE_START, 0x02);
 1029   2          } while(0);
 1030   1      
 1031   1          return return_state;
 1032   1      }
 1033          


Module Information          Static   Overlayable
------------------------------------------------
  code size            =      4624     ------
  ecode size           =    ------     ------
  data size            =    ------     ------
  idata size           =    ------     ------
  pdata size           =    ------     ------
  xdata size           =    ------     ------
  xdata-const size     =    ------     ------
  edata size           =       222     ------
  bit size             =    ------     ------
  ebit size            =    ------     ------
  bitaddressable size  =    ------     ------
  ebitaddressable size =    ------     ------
  far data size        =    ------     ------
  huge data size       =    ------     ------
  const size           =    ------     ------
  hconst size          =        19     ------
End of Module Information.


C251 COMPILATION COMPLETE.  0 WARNING(S),  0 ERROR(S)
