C251 COMPILER V5.60.0,  SEEKFREE_IMU660RA                                                  30/06/24  20:23:40  PAGE 1   


C251 COMPILER V5.60.0, COMPILATION OF MODULE SEEKFREE_IMU660RA
OBJECT MODULE PLACED IN .\Out_File\SEEKFREE_IMU660RA.obj
COMPILER INVOKED BY: G:\Keil_v5\C251\C251\BIN\C251.EXE ..\..\Libraries\seekfree_peripheral\SEEKFREE_IMU660RA.c XSMALL IN
                    -TR2 WARNINGLEVEL(3) OPTIMIZE(0,SPEED) BROWSE INCDIR(..\..\Libraries\libraries;..\..\Libraries\seekfree_libraries;..\..\L
                    -ibraries\seekfree_peripheral;..\CODE;..\USER\inc;..\USER\src;..\CODE) DEBUG PRINT(.\Out_File\SEEKFREE_IMU660RA.lst) OBJE
                    -CT(.\Out_File\SEEKFREE_IMU660RA.obj) 

stmt  level    source

    1          /********************************************************************************************************
             -*************
    2           * COPYRIGHT NOTICE
    3           * Copyright (c) 2018,é€é£ç§‘æŠ€
    4           * All rights reserved.
    5           * æŠ€æœ¯è®¨è®ºQQç¾¤ï¼šä¸€ç¾¤ï¼š179029047(å·²æ»¡)  äºŒç¾¤ï¼š244861897
    6           *
    7           * ä»¥ä¸‹æ‰€æœ‰å†…å®¹ç‰ˆæƒå‡å±é€é£ç§‘æŠ€æ‰€æœ‰ï¼Œæœªç»å…è®¸ä¸å¾—ç”¨äºå•†ä¸šç”¨é€”ï¼Œ
    8           * æ¬¢è¿å„ä½ä½¿ç”¨å¹¶ä¼ æ’­æœ¬ç¨‹åºï¼Œä¿®æ”¹å†…å®¹æ—¶å¿…é¡»ä¿ç•™é€é£ç§‘æŠ€çš„ç‰ˆæƒå£°æ˜ã€‚
    9           *
   10           * @file                IMU660RA
   11           * @company                     æˆéƒ½é€é£ç§‘æŠ€æœ‰é™å…¬å¸
   12           * @author              é€é£ç§‘æŠ€(QQ3184284598)
   13           * @version             æŸ¥çœ‹docå†…versionæ–‡ä»¶ ç‰ˆæœ¬è¯´æ˜
   14           * @Software            MDK FOR C251 V5.60
   15           * @Target core         STC32G12K128
   16           * @Taobao              https://seekfree.taobao.com/
   17           * @date                2019-04-30
   18           * @note
   19           * æ¥çº¿å®šä¹‰ï¼š
   20           *                   ------------------------------------
   21           *                   æ¨¡å—ç®¡è„š            å•ç‰‡æœºç®¡è„š
   22           *                   // ç¡¬ä»¶ SPI å¼•è„š
   23           *                   SCL/SPC           æŸ¥çœ‹ SEEKFREE_IMU660RA.h ä¸­ IMU660RA_SPC_PIN å®å®šä¹‰
   24           *                   SDA/DSI           æŸ¥çœ‹ SEEKFREE_IMU660RA.h ä¸­ IMU660RA_SDI_PIN å®å®šä¹‰
   25           *                   SA0/SDO           æŸ¥çœ‹ SEEKFREE_IMU660RA.h ä¸­ IMU660RA_SDO_PIN å®å®šä¹‰
   26           *                   CS                æŸ¥çœ‹ SEEKFREE_IMU660RA.h ä¸­ IMU660RA_CS_PIN å®å®šä¹‰
   27           *                   VCC               3.3Vç”µæº
   28           *                   GND               ç”µæºåœ°
   29           *                   å…¶ä½™å¼•è„šæ‚¬ç©º
   30           *
   31           *                   // è½¯ä»¶ IIC å¼•è„š
   32           *                   SCL/SPC           æŸ¥çœ‹ SEEKFREE_IMU660RA.h ä¸­ IMU660RA_SCL_PIN å®å®šä¹‰
   33           *                   SDA/DSI           æŸ¥çœ‹ SEEKFREE_IMU660RA.h ä¸­ IMU660RA_SDA_PIN å®å®šä¹‰
   34           *                   VCC               3.3Vç”µæº
   35           *                   GND               ç”µæºåœ°
   36           *                   å…¶ä½™å¼•è„šæ‚¬ç©º
   37           *                   ------------------------------------
   38          *********************************************************************************************************
             -***********/
   39          
   40          #include "SEEKFREE_IMU660RA.h"
   41          
   42          #include "SEEKFREE_CONFIG.h"
   43          
   44          #include "zf_delay.h"
   45          #include "zf_spi.h"
   46          
   47          
   48          #pragma warning disable = 177
   49          #pragma warning disable = 183
   50          
   51          
   52          int16 imu660ra_gyro_x = 0, imu660ra_gyro_y = 0, imu660ra_gyro_z = 0;            // ä¸‰è½´é™€èºä»ªæ•°æ® 
             -  gyro (é™€èºä»ª)
   53          int16 imu660ra_acc_x = 0, imu660ra_acc_y = 0, imu660ra_acc_z = 0;               // ä¸‰è½´åŠ é€Ÿåº¦è®¡æ•°æ
C251 COMPILER V5.60.0,  SEEKFREE_IMU660RA                                                  30/06/24  20:23:40  PAGE 2   

             -® acc  (accelerometer åŠ é€Ÿåº¦è®¡)
   54          
   55          #if IMU660RA_USE_SOFT_IIC
               
               #define GET_IMU660RA_SDA                                IMU660RA_SDA_PIN
               #define IMU660RA_SCL_LOW()              IMU660RA_SCL_PIN = 0            //IOå£è¾“å‡ºä½ç”µå¹³
               #define IMU660RA_SCL_HIGH()             IMU660RA_SCL_PIN = 1            //IOå£è¾“å‡ºé«˜ç”µå¹³
               #define IMU660RA_SDA_LOW()              IMU660RA_SDA_PIN = 0            //IOå£è¾“å‡ºä½ç”µå¹³
               #define IMU660RA_SDA_HIGH()             IMU660RA_SDA_PIN = 1            //IOå£è¾“å‡ºé«˜ç”µå¹³
               
               
               #define ack 1      //ä¸»åº”ç­”
               #define no_ack 0   //ä»åº”ç­”  
               
               //-------------------------------------------------------------------------------------------------------
             -------------
               //  @brief      æ¨¡æ‹ŸIICå»¶æ—¶
               //  @return     void
               //  @since      v1.0
               //  Sample usage:                               å¦‚æœIICé€šè®¯å¤±è´¥å¯ä»¥å°è¯•å¢åŠ jçš„å€¼
               //-------------------------------------------------------------------------------------------------------
             -------------
               static void imu660ra_simiic_delay(void)
               {
                   uint16 j = IMU660RA_SOFT_IIC_DELAY;
               
                   while(j--);
               }
               
               //å†…éƒ¨ä½¿ç”¨ï¼Œç”¨æˆ·æ— éœ€è°ƒç”¨
               static void imu660ra_simiic_start(void)
               {
                   IMU660RA_SDA_HIGH();
                   IMU660RA_SCL_HIGH();
                   imu660ra_simiic_delay();
                   IMU660RA_SDA_LOW();
                   imu660ra_simiic_delay();
                   IMU660RA_SCL_LOW();
               }
               
               //å†…éƒ¨ä½¿ç”¨ï¼Œç”¨æˆ·æ— éœ€è°ƒç”¨
               static void imu660ra_simiic_stop(void)
               {
                   IMU660RA_SDA_LOW();
                   IMU660RA_SCL_LOW();
                   imu660ra_simiic_delay();
                   IMU660RA_SCL_HIGH();
                   imu660ra_simiic_delay();
                   IMU660RA_SDA_HIGH();
                   imu660ra_simiic_delay();
               }
               
               //ä¸»åº”ç­”(åŒ…å«ack:SDA=0å’Œno_ack:SDA=0)
               //å†…éƒ¨ä½¿ç”¨ï¼Œç”¨æˆ·æ— éœ€è°ƒç”¨
               static void imu660ra_simiic_sendack(unsigned char ack_dat)
               {
                   IMU660RA_SCL_LOW();
                   imu660ra_simiic_delay();
               
                   if(ack_dat) IMU660RA_SDA_LOW();
                   else        IMU660RA_SDA_HIGH();
               
                   IMU660RA_SCL_HIGH();
                   imu660ra_simiic_delay();
                   IMU660RA_SCL_LOW();
                   imu660ra_simiic_delay();
C251 COMPILER V5.60.0,  SEEKFREE_IMU660RA                                                  30/06/24  20:23:40  PAGE 3   

               }
               
               
               static int imu660ra_sccb_waitack(void)
               {
                   IMU660RA_SCL_LOW();
               
                   imu660ra_simiic_delay();
               
                   IMU660RA_SCL_HIGH();
                   imu660ra_simiic_delay();
               
                   if(GET_IMU660RA_SDA)           //åº”ç­”ä¸ºé«˜ç”µå¹³ï¼Œå¼‚å¸¸ï¼Œé€šä¿¡å¤±è´¥
                   {
               
                       IMU660RA_SCL_LOW();
                       return 0;
                   }
               
                   IMU660RA_SCL_LOW();
                   imu660ra_simiic_delay();
                   return 1;
               }
               
               //å­—èŠ‚å‘é€ç¨‹åº
               //å‘é€c(å¯ä»¥æ˜¯æ•°æ®ä¹Ÿå¯æ˜¯åœ°å€)ï¼Œé€å®Œåæ¥æ”¶ä»åº”ç­”
               //ä¸è€ƒè™‘ä»åº”ç­”ä½
               //å†…éƒ¨ä½¿ç”¨ï¼Œç”¨æˆ·æ— éœ€è°ƒç”¨
               static void imu660ra_send_ch(uint8 c)
               {
                   uint8 i = 8;
               
                   while(i--)
                   {
                       if(c & 0x80)    IMU660RA_SDA_HIGH();//SDA è¾“å‡ºæ•°æ®
                       else                    IMU660RA_SDA_LOW();
               
                       c <<= 1;
                       imu660ra_simiic_delay();
                       IMU660RA_SCL_HIGH();                //SCL æ‹‰é«˜ï¼Œé‡‡é›†ä¿¡å·
                       imu660ra_simiic_delay();
                       IMU660RA_SCL_LOW();                //SCL æ—¶é’Ÿçº¿æ‹‰ä½
                   }
               
                   imu660ra_sccb_waitack();
               }
               
               
               //å­—èŠ‚æ¥æ”¶ç¨‹åº
               //æ¥æ”¶å™¨ä»¶ä¼ æ¥çš„æ•°æ®ï¼Œæ­¤ç¨‹åºåº”é…åˆ|ä¸»åº”ç­”å‡½æ•°|ä½¿ç”¨
               //å†…éƒ¨ä½¿ç”¨ï¼Œç”¨æˆ·æ— éœ€è°ƒç”¨
               static uint8 imu660ra_read_ch(uint8 ack_x)
               {
                   uint8 i;
                   uint8 c;
                   c = 0;
                   IMU660RA_SCL_LOW();
                   imu660ra_simiic_delay();
                   IMU660RA_SDA_HIGH();
               
                   for(i = 0; i < 8; i++)
                   {
                       imu660ra_simiic_delay();
                       IMU660RA_SCL_LOW();         //ç½®æ—¶é’Ÿçº¿ä¸ºä½ï¼Œå‡†å¤‡æ¥æ”¶æ•°æ®ä½
                       imu660ra_simiic_delay();
                       IMU660RA_SCL_HIGH();         //ç½®æ—¶é’Ÿçº¿ä¸ºé«˜ï¼Œä½¿æ•°æ®çº¿ä¸Šæ•°æ®æœ‰æ•ˆ
C251 COMPILER V5.60.0,  SEEKFREE_IMU660RA                                                  30/06/24  20:23:40  PAGE 4   

                       imu660ra_simiic_delay();
                       c <<= 1;
               
                       if(GET_IMU660RA_SDA)
                       {
                           c += 1; //è¯»æ•°æ®ä½ï¼Œå°†æ¥æ”¶çš„æ•°æ®å­˜c
                       }
                   }
               
                   IMU660RA_SCL_LOW();
                   imu660ra_simiic_delay();
                   imu660ra_simiic_sendack(ack_x);
               
                   return c;
               }
               
               
               //-------------------------------------------------------------------------------------------------------
             -------------
               //  @brief      æ¨¡æ‹ŸIICå†™æ•°æ®åˆ°è®¾å¤‡å¯„å­˜å™¨å‡½æ•°
               //  @param      dev_add                 è®¾å¤‡åœ°å€(ä½ä¸ƒä½åœ°å€)
               //  @param      reg                             å¯„å­˜å™¨åœ°å€
               //  @param      dat                             å†™å…¥çš„æ•°æ®
               //  @return     void
               //  @since      v1.0
               //  Sample usage:
               //-------------------------------------------------------------------------------------------------------
             -------------
               static void imu660ra_simiic_write_reg(uint8 dev_add, uint8 reg, uint8 dat)
               {
                   imu660ra_simiic_start();
                   imu660ra_send_ch( (dev_add << 1) | 0x00); //å‘é€å™¨ä»¶åœ°å€åŠ å†™ä½
                   imu660ra_send_ch( reg );                             //å‘é€ä»æœºå¯„å­˜å™¨åœ°å€
                   imu660ra_send_ch( dat );                             //å‘é€éœ€è¦å†™å…¥çš„æ•°æ®
                   imu660ra_simiic_stop();
               }
               
               //-------------------------------------------------------------------------------------------------------
             -------------
               //  @brief      æ¨¡æ‹ŸIICå†™æ•°æ®åˆ°è®¾å¤‡å¯„å­˜å™¨å‡½æ•°
               //  @param      dev_add                 è®¾å¤‡åœ°å€(ä½ä¸ƒä½åœ°å€)
               //  @param      reg                             å¯„å­˜å™¨åœ°å€
               //  @param      dat                             å†™å…¥çš„æ•°æ®
               //  @return     void
               //  @since      v1.0
               //  Sample usage:
               //-------------------------------------------------------------------------------------------------------
             -------------
               static void imu660ra_simiic_write_regs(uint8 dev_add, uint8 reg, uint8 *dat, uint32 len)
               {
                   uint16 i = 0;
                   imu660ra_simiic_start();
                   imu660ra_send_ch( (dev_add << 1) | 0x00); //å‘é€å™¨ä»¶åœ°å€åŠ å†™ä½
                   imu660ra_send_ch( reg );                             //å‘é€ä»æœºå¯„å­˜å™¨åœ°å€
               
                   while(len--)
                   {
                       imu660ra_send_ch( *dat++ );                              //å‘é€éœ€è¦å†™å…¥çš„æ•°æ®
                   }
               
               
                   imu660ra_simiic_stop();
               }
               //-------------------------------------------------------------------------------------------------------
             -------------
               //  @brief      æ¨¡æ‹ŸIICä»è®¾å¤‡å¯„å­˜å™¨è¯»å–æ•°æ®
C251 COMPILER V5.60.0,  SEEKFREE_IMU660RA                                                  30/06/24  20:23:40  PAGE 5   

               //  @param      dev_add                 è®¾å¤‡åœ°å€(ä½ä¸ƒä½åœ°å€)
               //  @param      reg                             å¯„å­˜å™¨åœ°å€
               //  @param      type                    é€‰æ‹©é€šä¿¡æ–¹å¼æ˜¯IIC  è¿˜æ˜¯ SCCB
               //  @return     uint8                   è¿”å›å¯„å­˜å™¨çš„æ•°æ®
               //  @since      v1.0
               //  Sample usage:
               //-------------------------------------------------------------------------------------------------------
             -------------
               static uint8 imu660ra_simiic_read_reg(uint8 dev_add, uint8 reg)
               {
                   uint8 dat;
                   imu660ra_simiic_start();
                   imu660ra_send_ch( (dev_add << 1) | 0x00); //å‘é€å™¨ä»¶åœ°å€åŠ å†™ä½
                   imu660ra_send_ch( reg );                            //å‘é€ä»æœºå¯„å­˜å™¨åœ°å€
               
                   imu660ra_simiic_start();
                   imu660ra_send_ch( (dev_add << 1) | 0x01); //å‘é€å™¨ä»¶åœ°å€åŠ è¯»ä½
                   dat = imu660ra_read_ch(no_ack);                             //è¯»å–æ•°æ®
                   imu660ra_simiic_stop();
               
                   return dat;
               }
               
               //-------------------------------------------------------------------------------------------------------
             -------------
               //  @brief      æ¨¡æ‹ŸIICè¯»å–å¤šå­—èŠ‚æ•°æ®
               //  @param      dev_add                 è®¾å¤‡åœ°å€(ä½ä¸ƒä½åœ°å€)
               //  @param      reg                             å¯„å­˜å™¨åœ°å€
               //  @param      dat_add                 æ•°æ®ä¿å­˜çš„åœ°å€æŒ‡é’ˆ
               //  @param      num                             è¯»å–å­—èŠ‚æ•°é‡
               //  @param      type                    é€‰æ‹©é€šä¿¡æ–¹å¼æ˜¯IIC  è¿˜æ˜¯ SCCB
               //  @return     uint8                   è¿”å›å¯„å­˜å™¨çš„æ•°æ®
               //  @since      v1.0
               //  Sample usage:
               //-------------------------------------------------------------------------------------------------------
             -------------
               static void imu660ra_simiic_read_regs(uint8 dev_add, uint8 reg, uint8 *dat_add, uint32 num)
               {
                   imu660ra_simiic_start();
                   imu660ra_send_ch( (dev_add << 1) | 0x00); //å‘é€å™¨ä»¶åœ°å€åŠ å†™ä½
                   imu660ra_send_ch( reg );                            //å‘é€ä»æœºå¯„å­˜å™¨åœ°å€
               
                   imu660ra_simiic_start();
                   imu660ra_send_ch( (dev_add << 1) | 0x01); //å‘é€å™¨ä»¶åœ°å€åŠ è¯»ä½
               
                   while(--num)
                   {
                       *dat_add = imu660ra_read_ch(ack); //è¯»å–æ•°æ®
                       dat_add++;
                   }
               
                   *dat_add = imu660ra_read_ch(no_ack); //è¯»å–æ•°æ®
                   imu660ra_simiic_stop();
               }
               
               #define imu660ra_write_register(reg, dat)        (imu660ra_simiic_write_reg(IMU660RA_DEV_ADDR, (reg), (da
             -t)))
               #define imu660ra_write_registers(reg, dat, len)  (imu660ra_simiic_write_regs(IMU660RA_DEV_ADDR, (reg), (d
             -at), (len)))
               #define imu660ra_read_register(reg)              (imu660ra_simiic_read_reg(IMU660RA_DEV_ADDR, (reg)))
               #define imu660ra_read_registers(reg, dat, len)   (imu660ra_simiic_read_regs(IMU660RA_DEV_ADDR, (reg), (da
             -t), (len)))
               
               #else
  302          
  303          
C251 COMPILER V5.60.0,  SEEKFREE_IMU660RA                                                  30/06/24  20:23:40  PAGE 6   

  304          #define IMU660RA_SCK(x)                         IMU660RA_SPC_PIN  = x
  305          #define IMU660RA_MOSI(x)                        IMU660RA_SDI_PIN = x
  306          #define IMU660RA_CS(x)                          IMU660RA_CS_PIN  = x
  307          #define IMU660RA_MISO                           IMU660RA_SDO_PIN
  308          
  309          
  310          //-------------------------------------------------------------------------------------------------------
             -------------
  311          //  @brief      é€šè¿‡SPIå†™ä¸€ä¸ªbyte,åŒæ—¶è¯»å–ä¸€ä¸ªbyte
  312          //  @param      byte        å‘é€çš„æ•°æ®
  313          //  @return     uint8       return è¿”å›statusçŠ¶æ€
  314          //  @since      v1.0
  315          //  Sample usage:
  316          //-------------------------------------------------------------------------------------------------------
             -------------
  317          static uint8 imu660ra_simspi_wr_byte(uint8 byte)
  318          {
  319   1          uint8 i;
  320   1      
  321   1          for(i = 0; i < 8; i++)
  322   1          {
  323   2              IMU660RA_MOSI(byte & 0x80);
  324   2              byte <<= 1;
  325   2              IMU660RA_SCK (0);
  326   2              IMU660RA_SCK (0);
  327   2              IMU660RA_SCK (1);
  328   2              IMU660RA_SCK (1);
  329   2      
  330   2              byte |= IMU660RA_MISO;
  331   2          }
  332   1      
  333   1          return(byte);
  334   1      }
  335          //-------------------------------------------------------------------------------------------------------
             -------------
  336          //  @brief      å°†valå†™å…¥cmdå¯¹åº”çš„å¯„å­˜å™¨åœ°å€,åŒæ—¶è¿”å›statuså­—èŠ‚
  337          //  @param      cmd         å‘½ä»¤å­—
  338          //  @param      val         å¾…å†™å…¥å¯„å­˜å™¨çš„æ•°å€¼
  339          //  @since      v1.0
  340          //  Sample usage:
  341          //-------------------------------------------------------------------------------------------------------
             -------------
  342          static void imu660ra_simspi_w_reg_byte(uint8 cmd, uint8 val)
  343          {
  344   1          cmd |= IMU660RA_SPI_W;
  345   1          imu660ra_simspi_wr_byte(cmd);
  346   1          imu660ra_simspi_wr_byte(val);
  347   1      }
  348          
  349          
  350          //-------------------------------------------------------------------------------------------------------
             -------------
  351          //  @brief      å°†valå†™å…¥cmdå¯¹åº”çš„å¯„å­˜å™¨åœ°å€
  352          //  @param      cmd         å‘½ä»¤å­—
  353          //  @param      val         å¾…å†™å…¥å¯„å­˜å™¨çš„æ•°å€¼
  354          //  @since      v1.0
  355          //  Sample usage:
  356          //-------------------------------------------------------------------------------------------------------
             -------------
  357          static void imu660ra_simspi_w_reg_bytes(uint8 cmd, uint8 *dat_addr, uint32 len)
  358          {
  359   1          cmd |= IMU660RA_SPI_W;
  360   1          imu660ra_simspi_wr_byte(cmd);
  361   1      
  362   1          while(len--)
  363   1          {
C251 COMPILER V5.60.0,  SEEKFREE_IMU660RA                                                  30/06/24  20:23:40  PAGE 7   

  364   2              imu660ra_simspi_wr_byte(*dat_addr++);
  365   2          }
  366   1      }
  367          
  368          //-------------------------------------------------------------------------------------------------------
             -------------
  369          //  @brief      è¯»å–cmdæ‰€å¯¹åº”çš„å¯„å­˜å™¨åœ°å€
  370          //  @param      cmd         å‘½ä»¤å­—
  371          //  @param      *val        å­˜å‚¨è¯»å–çš„æ•°æ®åœ°å€
  372          //  @since      v1.0
  373          //  Sample usage:
  374          //-------------------------------------------------------------------------------------------------------
             -------------
  375          //static void imu660ra_simspi_r_reg_byte(uint8 cmd, uint8 *val)
  376          //{
  377          //    IMU660RA_CS(0);
  378          //    cmd |= IMU660RA_SPI_R;
  379          //    imu660ra_simspi_wr_byte(cmd);
  380          //    *val = imu660ra_simspi_wr_byte(0);
  381          //    IMU660RA_CS(1);
  382          //}
  383          
  384          //-------------------------------------------------------------------------------------------------------
             -------------
  385          //  @brief      è¯»å–cmdæ‰€å¯¹åº”çš„å¯„å­˜å™¨åœ°å€
  386          //  @param      cmd         å‘½ä»¤å­—
  387          //  @param      *val        å­˜å‚¨è¯»å–çš„æ•°æ®åœ°å€
  388          //  @param      num         è¯»å–çš„æ•°é‡
  389          //  @since      v1.0
  390          //  Sample usage:
  391          //-------------------------------------------------------------------------------------------------------
             -------------
  392          static void imu660ra_simspi_r_reg_bytes(uint8 cmd, uint8 *val, uint32 num)
  393          {
  394   1          cmd |= IMU660RA_SPI_R;
  395   1          imu660ra_simspi_wr_byte(cmd);
  396   1      
  397   1          while(num--)
  398   1          {
  399   2              *val++ = imu660ra_simspi_wr_byte(0);
  400   2          }
  401   1      }
  402          
  403          
  404          //-------------------------------------------------------------------------------------------------------
             -------------
  405          // å‡½æ•°ç®€ä»‹     IMU660RA å†™å¯„å­˜å™¨
  406          // å‚æ•°è¯´æ˜     reg             å¯„å­˜å™¨åœ°å€
  407          // å‚æ•°è¯´æ˜     dat            æ•°æ®
  408          // è¿”å›å‚æ•°     void
  409          // ä½¿ç”¨ç¤ºä¾‹     imu660ra_write_register(IMU660RA_PWR_CONF, 0x00);                   // å…³é—­é«˜çº§çœ
             -ç”µæ¨¡å¼
  410          // å¤‡æ³¨ä¿¡æ¯     å†…éƒ¨è°ƒç”¨
  411          //-------------------------------------------------------------------------------------------------------
             -------------
  412          static void imu660ra_write_register(uint8 reg, uint8 dat)
  413          {
  414   1          IMU660RA_CS(0);
  415   1          imu660ra_simspi_w_reg_byte(reg | IMU660RA_SPI_W, dat);
  416   1          IMU660RA_CS(1);
  417   1      }
  418          
  419          //-------------------------------------------------------------------------------------------------------
             -------------
  420          // å‡½æ•°ç®€ä»‹     IMU660RA å†™æ•°æ®
  421          // å‚æ•°è¯´æ˜     reg             å¯„å­˜å™¨åœ°å€
C251 COMPILER V5.60.0,  SEEKFREE_IMU660RA                                                  30/06/24  20:23:40  PAGE 8   

  422          // å‚æ•°è¯´æ˜     dat            æ•°æ®
  423          // è¿”å›å‚æ•°     void
  424          // ä½¿ç”¨ç¤ºä¾‹     imu660ra_write_registers(IMU660RA_INIT_dat, imu660ra_config_file, sizeof(imu660ra_con
             -fig_file));
  425          // å¤‡æ³¨ä¿¡æ¯     å†…éƒ¨è°ƒç”¨
  426          //-------------------------------------------------------------------------------------------------------
             -------------
  427          static void imu660ra_write_registers(uint8 reg, const uint8 *dat, uint32 len)
  428          {
  429   1          IMU660RA_CS(0);
  430   1      
  431   1          imu660ra_simspi_w_reg_bytes(reg | IMU660RA_SPI_W, dat, len);
  432   1          IMU660RA_CS(1);
  433   1      }
  434          
  435          //-------------------------------------------------------------------------------------------------------
             -------------
  436          // å‡½æ•°ç®€ä»‹     IMU660RA è¯»å¯„å­˜å™¨
  437          // å‚æ•°è¯´æ˜     reg             å¯„å­˜å™¨åœ°å€
  438          // è¿”å›å‚æ•°     uint8           æ•°æ®
  439          // ä½¿ç”¨ç¤ºä¾‹     imu660ra_read_register(IMU660RA_CHIP_ID);
  440          // å¤‡æ³¨ä¿¡æ¯     å†…éƒ¨è°ƒç”¨
  441          //-------------------------------------------------------------------------------------------------------
             -------------
  442          static uint8 imu660ra_read_register(uint8 reg)
  443          {
  444   1          uint8 dat[2];
  445   1          IMU660RA_CS(0);
  446   1          imu660ra_simspi_r_reg_bytes(reg | IMU660RA_SPI_R, dat, 2);
  447   1          IMU660RA_CS(1);
  448   1          return dat[1];
  449   1      }
  450          
  451          //-------------------------------------------------------------------------------------------------------
             -------------
  452          // å‡½æ•°ç®€ä»‹     IMU660RA è¯»æ•°æ®
  453          // å‚æ•°è¯´æ˜     reg             å¯„å­˜å™¨åœ°å€
  454          // å‚æ•°è¯´æ˜     dat            æ•°æ®ç¼“å†²åŒº
  455          // å‚æ•°è¯´æ˜     len             æ•°æ®é•¿åº¦
  456          // è¿”å›å‚æ•°     void
  457          // ä½¿ç”¨ç¤ºä¾‹     imu660ra_read_registers(IMU660RA_ACC_ADDRESS, dat, 6);
  458          // å¤‡æ³¨ä¿¡æ¯     å†…éƒ¨è°ƒç”¨
  459          //-------------------------------------------------------------------------------------------------------
             -------------
  460          static void imu660ra_read_registers(uint8 reg, uint8 *dat, uint32 len)
  461          {
  462   1          IMU660RA_CS(0);
  463   1          imu660ra_simspi_r_reg_bytes(reg | IMU660RA_SPI_R, dat, len);
  464   1          IMU660RA_CS(1);
  465   1      }
  466          #endif
  467          
  468          //-------------------------------------------------------------------------------------------------------
             -------------
  469          // å‡½æ•°ç®€ä»‹     IMU660RA è‡ªæ£€
  470          // å‚æ•°è¯´æ˜     void
  471          // è¿”å›å‚æ•°     uint8           1-è‡ªæ£€å¤±è´¥ 0-è‡ªæ£€æˆåŠŸ
  472          // ä½¿ç”¨ç¤ºä¾‹     imu660ra_self_check();
  473          // å¤‡æ³¨ä¿¡æ¯     å†…éƒ¨è°ƒç”¨
  474          //-------------------------------------------------------------------------------------------------------
             -------------
  475          static uint8 imu660ra_self_check (void)
  476          {
  477   1          uint8 dat = 0, return_state = 0;
  478   1          uint16 timeout_count = 0;
  479   1      
C251 COMPILER V5.60.0,  SEEKFREE_IMU660RA                                                  30/06/24  20:23:40  PAGE 9   

  480   1          do
  481   1          {
  482   2              if(timeout_count ++ > IMU660RA_TIMEOUT_COUNT)
  483   2              {
  484   3                  return_state =  1;
  485   3                  break;
  486   3              }
  487   2      
  488   2              dat = imu660ra_read_register(IMU660RA_CHIP_ID);
  489   2              delay_ms(1);
  490   2          } while(0x24 != dat);                                                        // è¯»å–è®¾å¤‡IDæ˜¯å¦ç
             -­‰äº0X24ï¼Œå¦‚æœä¸æ˜¯0X24åˆ™è®¤ä¸ºæ²¡æ£€æµ‹åˆ°è®¾å¤‡
  491   1      
  492   1          return return_state;
  493   1      }
  494          
  495          //-------------------------------------------------------------------------------------------------------
             -------------
  496          // å‡½æ•°ç®€ä»‹     è·å– IMU660RA åŠ é€Ÿåº¦è®¡æ•°æ®
  497          // å‚æ•°è¯´æ˜     void
  498          // è¿”å›å‚æ•°     void
  499          // ä½¿ç”¨ç¤ºä¾‹     imu660ra_get_acc();                                             // æ‰§è¡Œè¯¥å‡½æ•°å
             -ï¼Œç›´æ¥æŸ¥çœ‹å¯¹åº”çš„å˜é‡å³å¯
  500          // å¤‡æ³¨ä¿¡æ¯     ä½¿ç”¨ SPI çš„é‡‡é›†æ—¶é—´ä¸º69us
  501          //             ä½¿ç”¨ IIC çš„é‡‡é›†æ—¶é—´ä¸º126us        é‡‡é›†åŠ é€Ÿåº¦è®¡çš„æ—¶é—´ä¸é‡‡é›†é™€èºä»ªçš„
             -æ—¶é—´ä¸€è‡´çš„åŸå› æ˜¯éƒ½åªæ˜¯è¯»å–å¯„å­˜å™¨æ•°æ®
  502          //-------------------------------------------------------------------------------------------------------
             -------------
  503          void imu660ra_get_acc (void)
  504          {
  505   1          #if IMU660RA_USE_SOFT_IIC
                   uint8 dat[6];
                   imu660ra_read_registers(IMU660RA_ACC_ADDRESS, dat, 6);
                   imu660ra_acc_x = (int16)(((uint16)dat[1] << 8 | dat[0]));
                   imu660ra_acc_y = (int16)(((uint16)dat[3] << 8 | dat[2]));
                   imu660ra_acc_z = (int16)(((uint16)dat[5] << 8 | dat[4]));
                   #else
  512   1          // SPIè¯»å–ç¬¬ä¸€ä¸ªåœ°å€ä¸ºç©º
  513   1          uint8 dat[7];
  514   1          imu660ra_read_registers(IMU660RA_ACC_ADDRESS, dat, 7);
  515   1          imu660ra_acc_x = (int16)(((uint16)dat[2] << 8 | dat[1]));
  516   1          imu660ra_acc_y = (int16)(((uint16)dat[4] << 8 | dat[3]));
  517   1          imu660ra_acc_z = (int16)(((uint16)dat[6] << 8 | dat[5]));
  518   1          #endif
  519   1      }
  520          //-------------------------------------------------------------------------------------------------------
             -------------
  521          // å‡½æ•°ç®€ä»‹     è·å– IMU660RA é™€èºä»ªæ•°æ®
  522          // å‚æ•°è¯´æ˜     void
  523          // è¿”å›å‚æ•°     void
  524          // ä½¿ç”¨ç¤ºä¾‹     imu660ra_get_gyro();                                            // æ‰§è¡Œè¯¥å‡½æ•°å
             -ï¼Œç›´æ¥æŸ¥çœ‹å¯¹åº”çš„å˜é‡å³å¯
  525          // å¤‡æ³¨ä¿¡æ¯     ä½¿ç”¨ SPI çš„é‡‡é›†æ—¶é—´ä¸º69us
  526          //             ä½¿ç”¨ IIC çš„é‡‡é›†æ—¶é—´ä¸º126us
  527          //-------------------------------------------------------------------------------------------------------
             -------------
  528          void imu660ra_get_gyro (void)
  529          {
  530   1          #if IMU660RA_USE_SOFT_IIC
                   uint8 dat[6];
                   imu660ra_read_registers(IMU660RA_GYRO_ADDRESS, dat, 6);
                   imu660ra_gyro_x = (int16)(((uint16)dat[1] << 8 | dat[0]));
                   imu660ra_gyro_y = (int16)(((uint16)dat[3] << 8 | dat[2]));
                   imu660ra_gyro_z = (int16)(((uint16)dat[5] << 8 | dat[4]));
                   #else
  537   1          // SPIè¯»å–ç¬¬ä¸€ä¸ªåœ°å€ä¸ºç©º
C251 COMPILER V5.60.0,  SEEKFREE_IMU660RA                                                  30/06/24  20:23:40  PAGE 10  

  538   1          uint8 dat[7];
  539   1          imu660ra_read_registers(IMU660RA_GYRO_ADDRESS, dat, 7);
  540   1          imu660ra_gyro_x = (int16)(((uint16)dat[2] << 8 | dat[1]));
  541   1          imu660ra_gyro_y = (int16)(((uint16)dat[4] << 8 | dat[3]));
  542   1          imu660ra_gyro_z = (int16)(((uint16)dat[6] << 8 | dat[5]));
  543   1          #endif
  544   1      }
  545          
  546          //-------------------------------------------------------------------------------------------------------
             -------------
  547          // å‡½æ•°ç®€ä»‹     å°† IMU660RA åŠ é€Ÿåº¦è®¡æ•°æ®è½¬æ¢ä¸ºå®é™…ç‰©ç†æ•°æ®
  548          // å‚æ•°è¯´æ˜     gyro_value      ä»»æ„è½´çš„åŠ é€Ÿåº¦è®¡æ•°æ®
  549          // è¿”å›å‚æ•°     void
  550          // ä½¿ç”¨ç¤ºä¾‹     float dat = imu660ra_acc_transition(imu660ra_acc_x);           // å•ä½ä¸º g(m/s^2)
  551          // å¤‡æ³¨ä¿¡æ¯
  552          //-------------------------------------------------------------------------------------------------------
             -------------
  553          float imu660ra_acc_transition (int16 acc_value)
  554          {
  555   1          float acc_dat = 0;
  556   1      
  557   1          switch((uint8)IMU660RA_ACC_SAMPLE)
  558   1          {
  559   2              case 0x00:
  560   2                  acc_dat = (float)acc_value / 16384;
  561   2                  break;                  // 0x00 åŠ é€Ÿåº¦è®¡é‡ç¨‹ä¸º:Â±2g     è·å–åˆ°çš„åŠ é€Ÿåº¦è®¡æ•°æ®
             - é™¤ä»¥ 16384     å¯ä»¥è½¬åŒ–ä¸ºå¸¦ç‰©ç†å•ä½çš„æ•°æ® å•ä½ï¼šg(m/s^2)
  562   2      
  563   2              case 0x01:
  564   2                  acc_dat = (float)acc_value / 8192;
  565   2                  break;                   // 0x01 åŠ é€Ÿåº¦è®¡é‡ç¨‹ä¸º:Â±4g     è·å–åˆ°çš„åŠ é€Ÿåº¦è®¡æ•°æ
             -® é™¤ä»¥ 8192      å¯ä»¥è½¬åŒ–ä¸ºå¸¦ç‰©ç†å•ä½çš„æ•°æ® å•ä½ï¼šg(m/s^2)
  566   2      
  567   2              case 0x02:
  568   2                  acc_dat = (float)acc_value / 4096;
  569   2                  break;                   // 0x02 åŠ é€Ÿåº¦è®¡é‡ç¨‹ä¸º:Â±8g     è·å–åˆ°çš„åŠ é€Ÿåº¦è®¡æ•°æ
             -® é™¤ä»¥ 4096      å¯ä»¥è½¬åŒ–ä¸ºå¸¦ç‰©ç†å•ä½çš„æ•°æ® å•ä½ï¼šg(m/s^2)
  570   2      
  571   2              case 0x03:
  572   2                  acc_dat = (float)acc_value / 2048;
  573   2                  break;                   // 0x03 åŠ é€Ÿåº¦è®¡é‡ç¨‹ä¸º:Â±16g    è·å–åˆ°çš„åŠ é€Ÿåº¦è®¡æ•°æ
             -® é™¤ä»¥ 2048      å¯ä»¥è½¬åŒ–ä¸ºå¸¦ç‰©ç†å•ä½çš„æ•°æ® å•ä½ï¼šg(m/s^2)
  574   2      
  575   2              default:
  576   2                  break;
  577   2          }
  578   1      
  579   1          return acc_dat;
  580   1      }
  581          
  582          //-------------------------------------------------------------------------------------------------------
             -------------
  583          // å‡½æ•°ç®€ä»‹     å°† IMU660RA é™€èºä»ªæ•°æ®è½¬æ¢ä¸ºå®é™…ç‰©ç†æ•°æ®
  584          // å‚æ•°è¯´æ˜     gyro_value      ä»»æ„è½´çš„é™€èºä»ªæ•°æ®
  585          // è¿”å›å‚æ•°     void
  586          // ä½¿ç”¨ç¤ºä¾‹     float dat = imu660ra_gyro_transition(imu660ra_gyro_x);         // å•ä½ä¸ºÂ°/s
  587          // å¤‡æ³¨ä¿¡æ¯
  588          //-------------------------------------------------------------------------------------------------------
             -------------
  589          float imu660ra_gyro_transition (int16 gyro_value)
  590          {
  591   1          float gyro_dat = 0;
  592   1      
  593   1          switch(IMU660RA_GYR_SAMPLE)
  594   1          {
  595   2              case 0x00:
C251 COMPILER V5.60.0,  SEEKFREE_IMU660RA                                                  30/06/24  20:23:40  PAGE 11  

  596   2                  gyro_dat = (float)gyro_value / 16.4f;
  597   2                  break;               //  0x00 é™€èºä»ªé‡ç¨‹ä¸º:Â±2000dps    è·å–åˆ°çš„é™€èºä»ªæ•°æ®é™¤ä
             -»¥ 16.4    å¯ä»¥è½¬åŒ–ä¸ºå¸¦ç‰©ç†å•ä½çš„æ•°æ® å•ä½ä¸ºï¼šÂ°/s
  598   2      
  599   2              case 0x01:
  600   2                  gyro_dat = (float)gyro_value / 32.8f;
  601   2                  break;               //  0x01 é™€èºä»ªé‡ç¨‹ä¸º:Â±1000dps    è·å–åˆ°çš„é™€èºä»ªæ•°æ®é™¤ä
             -»¥ 32.8    å¯ä»¥è½¬åŒ–ä¸ºå¸¦ç‰©ç†å•ä½çš„æ•°æ® å•ä½ä¸ºï¼šÂ°/s
  602   2      
  603   2              case 0x02:
  604   2                  gyro_dat = (float)gyro_value / 65.6f;
  605   2                  break;               //  0x02 é™€èºä»ªé‡ç¨‹ä¸º:Â±500 dps    è·å–åˆ°çš„é™€èºä»ªæ•°æ®é™¤ä
             -»¥ 65.6    å¯ä»¥è½¬åŒ–ä¸ºå¸¦ç‰©ç†å•ä½çš„æ•°æ® å•ä½ä¸ºï¼šÂ°/s
  606   2      
  607   2              case 0x03:
  608   2                  gyro_dat = (float)gyro_value / 131.2f;
  609   2                  break;               //  0x03 é™€èºä»ªé‡ç¨‹ä¸º:Â±250 dps    è·å–åˆ°çš„é™€èºä»ªæ•°æ®é™¤ä
             -»¥ 131.2   å¯ä»¥è½¬åŒ–ä¸ºå¸¦ç‰©ç†å•ä½çš„æ•°æ® å•ä½ä¸ºï¼šÂ°/s
  610   2      
  611   2              case 0x04:
  612   2                  gyro_dat = (float)gyro_value / 262.4f;
  613   2                  break;               //  0x04 é™€èºä»ªé‡ç¨‹ä¸º:Â±125 dps    è·å–åˆ°çš„é™€èºä»ªæ•°æ®é™¤ä
             -»¥ 262.4   å¯ä»¥è½¬åŒ–ä¸ºå¸¦ç‰©ç†å•ä½çš„æ•°æ® å•ä½ä¸ºï¼šÂ°/s
  614   2      
  615   2              default:
  616   2                  break;
  617   2          }
  618   1      
  619   1          return gyro_dat;
  620   1      }
  621          
  622          //-------------------------------------------------------------------------------------------------------
             -------------
  623          // å‡½æ•°ç®€ä»‹     åˆå§‹åŒ– IMU660RA
  624          // å‚æ•°è¯´æ˜     void
  625          // è¿”å›å‚æ•°     uint8           1-åˆå§‹åŒ–å¤±è´¥ 0-åˆå§‹åŒ–æˆåŠŸ
  626          // ä½¿ç”¨ç¤ºä¾‹     imu660ra_init();
  627          // å¤‡æ³¨ä¿¡æ¯
  628          //-------------------------------------------------------------------------------------------------------
             -------------
  629          uint8 imu660ra_init (void)
  630          {
  631   1          uint8 return_state = 0;
  632   1      
  633   1          delay_ms(20);                                                                       // ç­‰å¾…è®¾å¤‡ä¸Šç”µæˆåŠŸ
  634   1      
  635   1          #if IMU660RA_USE_SOFT_IIC
               
                   #else
  638   1          imu660ra_read_register(IMU660RA_CHIP_ID);                                   // è¯»å–ä¸€ä¸‹è®¾å¤‡ID å
             -°†è®¾å¤‡è®¾ç½®ä¸ºSPIæ¨¡å¼
  639   1          #endif
  640   1      
  641   1          do {
  642   2              if(imu660ra_self_check())                                               // IMU660RA è‡ªæ£€
  643   2              {
  644   3                  // å¦‚æœç¨‹åºåœ¨è¾“å‡ºäº†æ–­è¨€ä¿¡æ¯ å¹¶ä¸”æç¤ºå‡ºé”™ä½ç½®åœ¨è¿™é‡Œ
  645   3                  // é‚£ä¹ˆå°±æ˜¯ IMU660RA è‡ªæ£€å‡ºé”™å¹¶è¶…æ—¶é€€å‡ºäº†
  646   3                  // æ£€æŸ¥ä¸€ä¸‹æ¥çº¿æœ‰æ²¡æœ‰é—®é¢˜ å¦‚æœæ²¡é—®é¢˜å¯èƒ½å°±æ˜¯åäº†
  647   3                  while(1)
  648   3                  {
  649   4                      printf("imu660ra self check error.\r\n");
  650   4                      delay_ms(200);
  651   4                  };
  652   3      
  653   3                  return_state = 1;
C251 COMPILER V5.60.0,  SEEKFREE_IMU660RA                                                  30/06/24  20:23:40  PAGE 12  

  654   3      
  655   3                  //break;
  656   3              }
  657   2      
  658   2              imu660ra_write_register(IMU660RA_PWR_CONF, 0x00);                       // å…³é—­é«˜çº§çœç”µæ¨¡å
             -¼
  659   2              delay_ms(10);
  660   2              imu660ra_write_register(IMU660RA_INIT_CTRL, 0x00);                      // å¼€å§‹å¯¹æ¨¡å—è¿›è¡Œå
             -ˆå§‹åŒ–é…ç½®
  661   2              imu660ra_write_registers(IMU660RA_INIT_DATA, imu660ra_config_file, sizeof(imu660ra_config_file));
             -   // è¾“å‡ºé…ç½®æ–‡ä»¶
  662   2              imu660ra_write_register(IMU660RA_INIT_CTRL, 0x01);                      // åˆå§‹åŒ–é…ç½®ç»“æŸ
  663   2              delay_ms(20);
  664   2      
  665   2              if(imu660ra_read_register(IMU660RA_INT_STA) != 1)                       // æ£€æŸ¥æ˜¯å¦é…ç½®å®Œæ
             -ˆ
  666   2              {
  667   3                  // å¦‚æœç¨‹åºåœ¨è¾“å‡ºäº†æ–­è¨€ä¿¡æ¯ å¹¶ä¸”æç¤ºå‡ºé”™ä½ç½®åœ¨è¿™é‡Œ
  668   3                  // é‚£ä¹ˆå°±æ˜¯ IMU660RA é…ç½®åˆå§‹åŒ–æ–‡ä»¶å‡ºé”™äº†
  669   3                  // æ£€æŸ¥ä¸€ä¸‹æ¥çº¿æœ‰æ²¡æœ‰é—®é¢˜ å¦‚æœæ²¡é—®é¢˜å¯èƒ½å°±æ˜¯åäº†
  670   3      //                      while(1)
  671   3      //                      {
  672   3                  printf("imu660ra init error.\r\n");
  673   3      //                              delay_ms(200);
  674   3      //                      }
  675   3                  return_state = 1;
  676   3                  //break;
  677   3              }
  678   2      
  679   2              imu660ra_write_register(IMU660RA_PWR_CTRL, 0x0E);                       // å¼€å¯æ€§èƒ½æ¨¡å¼  ä½
             -¿èƒ½é™€èºä»ªã€åŠ é€Ÿåº¦ã€æ¸©åº¦ä¼ æ„Ÿå™¨
  680   2              imu660ra_write_register(IMU660RA_ACC_CONF, 0xA7);                       // åŠ é€Ÿåº¦é‡‡é›†é…ç½® 
             -æ€§èƒ½æ¨¡å¼ æ­£å¸¸é‡‡é›† 50Hz  é‡‡æ ·é¢‘ç‡
  681   2              imu660ra_write_register(IMU660RA_GYR_CONF, 0xA9);                       // é™€èºä»ªé‡‡é›†é…ç½® 
             -æ€§èƒ½æ¨¡å¼ æ­£å¸¸é‡‡é›† 200Hz é‡‡æ ·é¢‘ç‡
  682   2      
  683   2              imu660ra_write_register(IMU660RA_ACC_RANGE, IMU660RA_ACC_SAMPLE);       // åŠ é€Ÿåº¦é‡ç¨‹é…ç½® 
             -é…ç½®é‡ç¨‹ä¸º:Â±8g
  684   2              // IMU660RA_ACC_SAMPLE å¯„å­˜å™¨
  685   2              // è®¾ç½®ä¸º:0x00 é™€èºä»ªé‡ç¨‹ä¸º:Â±2000dps     è·å–åˆ°çš„é™€èºä»ªæ•°æ® é™¤ä»¥ 16.4       
             -å¯ä»¥è½¬åŒ–ä¸ºå¸¦ç‰©ç†å•ä½çš„æ•°æ® å•ä½ä¸ºï¼šÂ°/s
  686   2              // è®¾ç½®ä¸º:0x01 é™€èºä»ªé‡ç¨‹ä¸º:Â±1000dps     è·å–åˆ°çš„é™€èºä»ªæ•°æ® é™¤ä»¥ 32.8       
             -å¯ä»¥è½¬åŒ–ä¸ºå¸¦ç‰©ç†å•ä½çš„æ•°æ® å•ä½ä¸ºï¼šÂ°/s
  687   2              // è®¾ç½®ä¸º:0x02 é™€èºä»ªé‡ç¨‹ä¸º:Â±500 dps     è·å–åˆ°çš„é™€èºä»ªæ•°æ® é™¤ä»¥ 65.6       
             -å¯ä»¥è½¬åŒ–ä¸ºå¸¦ç‰©ç†å•ä½çš„æ•°æ® å•ä½ä¸ºï¼šÂ°/s
  688   2              // è®¾ç½®ä¸º:0x03 é™€èºä»ªé‡ç¨‹ä¸º:Â±250 dps     è·å–åˆ°çš„é™€èºä»ªæ•°æ® é™¤ä»¥ 131.2      
             -å¯ä»¥è½¬åŒ–ä¸ºå¸¦ç‰©ç†å•ä½çš„æ•°æ® å•ä½ä¸ºï¼šÂ°/s
  689   2              // è®¾ç½®ä¸º:0x04 é™€èºä»ªé‡ç¨‹ä¸º:Â±125 dps     è·å–åˆ°çš„é™€èºä»ªæ•°æ® é™¤ä»¥ 262.4      
             -å¯ä»¥è½¬åŒ–ä¸ºå¸¦ç‰©ç†å•ä½çš„æ•°æ® å•ä½ä¸ºï¼šÂ°/s
  690   2      
  691   2              imu660ra_write_register(IMU660RA_GYR_RANGE, IMU660RA_GYR_SAMPLE);       // é™€èºä»ªé‡ç¨‹é…ç½® 
             -é…ç½®é‡ç¨‹ä¸º:Â±2000dps
  692   2              // IMU660RA_GYR_RANGE å¯„å­˜å™¨
  693   2              // è®¾ç½®ä¸º:0x00 åŠ é€Ÿåº¦è®¡é‡ç¨‹ä¸º:Â±2g         è·å–åˆ°çš„åŠ é€Ÿåº¦è®¡æ•°æ® é™¤ä»¥ 16384 
             -  å¯ä»¥è½¬åŒ–ä¸ºå¸¦ç‰©ç†å•ä½çš„æ•°æ® å•ä½ï¼šg(m/s^2)
  694   2              // è®¾ç½®ä¸º:0x01 åŠ é€Ÿåº¦è®¡é‡ç¨‹ä¸º:Â±4g         è·å–åˆ°çš„åŠ é€Ÿåº¦è®¡æ•°æ® é™¤ä»¥ 8192  
             -  å¯ä»¥è½¬åŒ–ä¸ºå¸¦ç‰©ç†å•ä½çš„æ•°æ® å•ä½ï¼šg(m/s^2)
  695   2              // è®¾ç½®ä¸º:0x02 åŠ é€Ÿåº¦è®¡é‡ç¨‹ä¸º:Â±8g         è·å–åˆ°çš„åŠ é€Ÿåº¦è®¡æ•°æ® é™¤ä»¥ 4096  
             -  å¯ä»¥è½¬åŒ–ä¸ºå¸¦ç‰©ç†å•ä½çš„æ•°æ® å•ä½ï¼šg(m/s^2)
  696   2              // è®¾ç½®ä¸º:0x03 åŠ é€Ÿåº¦è®¡é‡ç¨‹ä¸º:Â±16g        è·å–åˆ°çš„åŠ é€Ÿåº¦è®¡æ•°æ® é™¤ä»¥ 2048  
             -  å¯ä»¥è½¬åŒ–ä¸ºå¸¦ç‰©ç†å•ä½çš„æ•°æ® å•ä½ï¼šg(m/s^2)
  697   2      
  698   2          } while(0);
  699   1      
  700   1          return return_state;
  701   1      }
C251 COMPILER V5.60.0,  SEEKFREE_IMU660RA                                                  30/06/24  20:23:40  PAGE 13  

  702          


Module Information          Static   Overlayable
------------------------------------------------
  code size            =      1086     ------
  ecode size           =    ------     ------
  data size            =    ------     ------
  idata size           =    ------     ------
  pdata size           =    ------     ------
  xdata size           =    ------     ------
  xdata-const size     =    ------     ------
  edata size           =        88     ------
  bit size             =    ------     ------
  ebit size            =    ------     ------
  bitaddressable size  =    ------     ------
  ebitaddressable size =    ------     ------
  far data size        =    ------     ------
  huge data size       =    ------     ------
  const size           =    ------     ------
  hconst size          =        88     ------
End of Module Information.


C251 COMPILATION COMPLETE.  0 WARNING(S),  0 ERROR(S)
