C251 COMPILER V5.60.0,  SEEKFREE_MPU6050                                                   06/07/24  23:05:06  PAGE 1   


C251 COMPILER V5.60.0, COMPILATION OF MODULE SEEKFREE_MPU6050
OBJECT MODULE PLACED IN .\Out_File\SEEKFREE_MPU6050.obj
COMPILER INVOKED BY: G:\Keil_v5\C251\C251\BIN\C251.EXE ..\..\Libraries\seekfree_peripheral\SEEKFREE_MPU6050.c XSMALL INT
                    -R2 WARNINGLEVEL(3) OPTIMIZE(0,SPEED) BROWSE INCDIR(..\..\Libraries\libraries;..\..\Libraries\seekfree_libraries;..\..\Li
                    -braries\seekfree_peripheral;..\CODE;..\USER\inc;..\USER\src;..\CODE) DEBUG PRINT(.\Out_File\SEEKFREE_MPU6050.lst) OBJECT
                    -(.\Out_File\SEEKFREE_MPU6050.obj) 

stmt  level    source

    1          /********************************************************************************************************
             -*************
    2           * COPYRIGHT NOTICE
    3           * Copyright (c) 2018,逐飞科技
    4           * All rights reserved.
    5           * 技术讨论QQ群：一群：179029047(已满)  二群：244861897
    6           *
    7           * 以下所有内容版权均属逐飞科技所有，未经允许不得用于商业用途，
    8           * 欢迎各位使用并传播本程序，修改内容时必须保留逐飞科技的版权声明。
    9           *
   10           * @file                MPU6050
   11           * @company                     成都逐飞科技有限公司
   12           * @author              逐飞科技(QQ3184284598)
   13           * @version             查看doc内version文件 版本说明
   14           * @Software            MDK FOR C251 V5.60
   15           * @Target core         STC32G12K128
   16           * @Taobao              https://seekfree.taobao.com/
   17           * @date                2019-04-30
   18           * @note
   19                                                  接线定义：
   20                                                  ------------------------------------
   21                                                  软件IIC
   22                                                  SCL                 查看SEEKFREE_MPU6050.H文件内的MPU6050_SCL_PIN宏定义
   23                                                  SDA                 查看SEEKFREE_MPU6050.H文件内的MPU6050_SDA_PIN宏定义
   24                                                  ------------------------------------
   25           ********************************************************************************************************
             -************/
   26          
   27          
   28          
   29          #include "SEEKFREE_MPU6050.h"
   30          #include "zf_delay.h"
   31          
   32          
   33          int16 mpu6050_gyro_x, mpu6050_gyro_y, mpu6050_gyro_z;
   34          int16 mpu6050_acc_x, mpu6050_acc_y, mpu6050_acc_z;
   35          
   36          
   37          #define GET_MPU6050_SDA                         MPU6050_SDA_PIN
   38          #define MPU6050_SCL_LOW()               MPU6050_SCL_PIN = 0             //IO口输出低电平
   39          #define MPU6050_SCL_HIGH()              MPU6050_SCL_PIN = 1             //IO口输出高电平  
   40          #define MPU6050_SDA_LOW()               MPU6050_SDA_PIN = 0             //IO口输出低电平
   41          #define MPU6050_SDA_HIGH()              MPU6050_SDA_PIN = 1             //IO口输出高电平
   42          
   43          #define ack 1      //主应答
   44          #define no_ack 0   //从应答     
   45          
   46          //-------------------------------------------------------------------------------------------------------
             -------------
   47          //  @brief      模拟IIC延时
   48          //  @return     void
   49          //  @since      v1.0
   50          //  Sample usage:                               如果IIC通讯失败可以尝试增加j的值
   51          //-------------------------------------------------------------------------------------------------------
             -------------
   52          static void mpu6050_simiic_delay(void)
C251 COMPILER V5.60.0,  SEEKFREE_MPU6050                                                   06/07/24  23:05:06  PAGE 2   

   53          {
   54   1          uint16 j = MPU6050_IIC_DELAY;
   55   1      
   56   1          while(j--);
   57   1      }
   58          
   59          //内部使用，用户无需调用
   60          static void mpu6050_simiic_start(void)
   61          {
   62   1          MPU6050_SDA_HIGH();
   63   1          MPU6050_SCL_HIGH();
   64   1          mpu6050_simiic_delay();
   65   1          MPU6050_SDA_LOW();
   66   1          mpu6050_simiic_delay();
   67   1          MPU6050_SCL_LOW();
   68   1      }
   69          
   70          //内部使用，用户无需调用
   71          static void mpu6050_simiic_stop(void)
   72          {
   73   1          MPU6050_SDA_LOW();
   74   1          MPU6050_SCL_LOW();
   75   1          mpu6050_simiic_delay();
   76   1          MPU6050_SCL_HIGH();
   77   1          mpu6050_simiic_delay();
   78   1          MPU6050_SDA_HIGH();
   79   1          mpu6050_simiic_delay();
   80   1      }
   81          
   82          //主应答(包含ack:SDA=0和no_ack:SDA=0)
   83          //内部使用，用户无需调用
   84          static void mpu6050_simiic_sendack(unsigned char ack_dat)
   85          {
   86   1          MPU6050_SCL_LOW();
   87   1          mpu6050_simiic_delay();
   88   1      
   89   1          if(ack_dat) MPU6050_SDA_LOW();
   90   1          else        MPU6050_SDA_HIGH();
   91   1      
   92   1          MPU6050_SCL_HIGH();
   93   1          mpu6050_simiic_delay();
   94   1          MPU6050_SCL_LOW();
   95   1          mpu6050_simiic_delay();
   96   1      }
   97          
   98          
   99          static int mpu6050_sccb_waitack(void)
  100          {
  101   1          MPU6050_SCL_LOW();
  102   1      
  103   1          mpu6050_simiic_delay();
  104   1      
  105   1          MPU6050_SCL_HIGH();
  106   1          mpu6050_simiic_delay();
  107   1      
  108   1          if(GET_MPU6050_SDA)           //应答为高电平，异常，通信失败
  109   1          {
  110   2      
  111   2              MPU6050_SCL_LOW();
  112   2              return 0;
  113   2          }
  114   1      
  115   1          MPU6050_SCL_LOW();
  116   1          mpu6050_simiic_delay();
  117   1          return 1;
  118   1      }
C251 COMPILER V5.60.0,  SEEKFREE_MPU6050                                                   06/07/24  23:05:06  PAGE 3   

  119          
  120          //字节发送程序
  121          //发送c(可以是数据也可是地址)，送完后接收从应答
  122          //不考虑从应答位
  123          //内部使用，用户无需调用
  124          static void mpu6050_send_ch(uint8 c)
  125          {
  126   1          uint8 i = 8;
  127   1      
  128   1          while(i--)
  129   1          {
  130   2              if(c & 0x80)    MPU6050_SDA_HIGH();//SDA 输出数据
  131   2              else                    MPU6050_SDA_LOW();
  132   2      
  133   2              c <<= 1;
  134   2              mpu6050_simiic_delay();
  135   2              MPU6050_SCL_HIGH();                //SCL 拉高，采集信号
  136   2              mpu6050_simiic_delay();
  137   2              MPU6050_SCL_LOW();                //SCL 时钟线拉低
  138   2          }
  139   1      
  140   1          mpu6050_sccb_waitack();
  141   1      }
  142          
  143          
  144          //字节接收程序
  145          //接收器件传来的数据，此程序应配合|主应答函数|使用
  146          //内部使用，用户无需调用
  147          static uint8 mpu6050_read_ch(uint8 ack_x)
  148          {
  149   1          uint8 i;
  150   1          uint8 c;
  151   1          c = 0;
  152   1          MPU6050_SCL_LOW();
  153   1          mpu6050_simiic_delay();
  154   1          MPU6050_SDA_HIGH();
  155   1      
  156   1          for(i = 0; i < 8; i++)
  157   1          {
  158   2              mpu6050_simiic_delay();
  159   2              MPU6050_SCL_LOW();         //置时钟线为低，准备接收数据位
  160   2              mpu6050_simiic_delay();
  161   2              MPU6050_SCL_HIGH();         //置时钟线为高，使数据线上数据有效
  162   2              mpu6050_simiic_delay();
  163   2              c <<= 1;
  164   2      
  165   2              if(GET_MPU6050_SDA)
  166   2              {
  167   3                  c += 1; //读数据位，将接收的数据存c
  168   3              }
  169   2          }
  170   1      
  171   1          MPU6050_SCL_LOW();
  172   1          mpu6050_simiic_delay();
  173   1          mpu6050_simiic_sendack(ack_x);
  174   1      
  175   1          return c;
  176   1      }
  177          
  178          
  179          //-------------------------------------------------------------------------------------------------------
             -------------
  180          //  @brief      模拟IIC写数据到设备寄存器函数
  181          //  @param      dev_add                 设备地址(低七位地址)
  182          //  @param      reg                             寄存器地址
  183          //  @param      dat                             写入的数据
C251 COMPILER V5.60.0,  SEEKFREE_MPU6050                                                   06/07/24  23:05:06  PAGE 4   

  184          //  @return     void
  185          //  @since      v1.0
  186          //  Sample usage:
  187          //-------------------------------------------------------------------------------------------------------
             -------------
  188          static void mpu6050_simiic_write_reg(uint8 dev_add, uint8 reg, uint8 dat)
  189          {
  190   1          mpu6050_simiic_start();
  191   1          mpu6050_send_ch( (dev_add << 1) | 0x00); //发送器件地址加写位
  192   1          mpu6050_send_ch( reg );                              //发送从机寄存器地址
  193   1          mpu6050_send_ch( dat );                              //发送需要写入的数据
  194   1          mpu6050_simiic_stop();
  195   1      }
  196          
  197          //-------------------------------------------------------------------------------------------------------
             -------------
  198          //  @brief      模拟IIC从设备寄存器读取数据
  199          //  @param      dev_add                 设备地址(低七位地址)
  200          //  @param      reg                             寄存器地址
  201          //  @param      type                    选择通信方式是IIC  还是 SCCB
  202          //  @return     uint8                   返回寄存器的数据
  203          //  @since      v1.0
  204          //  Sample usage:
  205          //-------------------------------------------------------------------------------------------------------
             -------------
  206          uint8 mpu6050_simiic_read_reg(uint8 dev_add, uint8 reg)
  207          {
  208   1          uint8 dat;
  209   1          mpu6050_simiic_start();
  210   1          mpu6050_send_ch( (dev_add << 1) | 0x00); //发送器件地址加写位
  211   1          mpu6050_send_ch( reg );                             //发送从机寄存器地址
  212   1      
  213   1      
  214   1          mpu6050_simiic_start();
  215   1          mpu6050_send_ch( (dev_add << 1) | 0x01); //发送器件地址加读位
  216   1          dat = mpu6050_read_ch(no_ack);                              //读取数据
  217   1          mpu6050_simiic_stop();
  218   1      
  219   1          return dat;
  220   1      }
  221          
  222          //-------------------------------------------------------------------------------------------------------
             -------------
  223          //  @brief      模拟IIC读取多字节数据
  224          //  @param      dev_add                 设备地址(低七位地址)
  225          //  @param      reg                             寄存器地址
  226          //  @param      dat_add                 数据保存的地址指针
  227          //  @param      num                             读取字节数量
  228          //  @param      type                    选择通信方式是IIC  还是 SCCB
  229          //  @return     uint8                   返回寄存器的数据
  230          //  @since      v1.0
  231          //  Sample usage:
  232          //-------------------------------------------------------------------------------------------------------
             -------------
  233          void mpu6050_simiic_read_regs(uint8 dev_add, uint8 reg, uint8 *dat_add, uint8 num)
  234          {
  235   1          mpu6050_simiic_start();
  236   1          mpu6050_send_ch( (dev_add << 1) | 0x00); //发送器件地址加写位
  237   1          mpu6050_send_ch( reg );                             //发送从机寄存器地址
  238   1      
  239   1      
  240   1          mpu6050_simiic_start();
  241   1          mpu6050_send_ch( (dev_add << 1) | 0x01); //发送器件地址加读位
  242   1      
  243   1          while(--num)
  244   1          {
C251 COMPILER V5.60.0,  SEEKFREE_MPU6050                                                   06/07/24  23:05:06  PAGE 5   

  245   2              *dat_add = mpu6050_read_ch(ack); //读取数据
  246   2              dat_add++;
  247   2          }
  248   1      
  249   1          *dat_add = mpu6050_read_ch(no_ack); //读取数据
  250   1          mpu6050_simiic_stop();
  251   1      }
  252          
  253          //-------------------------------------------------------------------------------------------------------
             -------------
  254          //  @brief      MPU6050自检函数
  255          //  @param      NULL
  256          //  @return     void
  257          //  @since      v1.0
  258          //  Sample usage:
  259          //-------------------------------------------------------------------------------------------------------
             -------------
  260          static uint8 mpu6050_self1_check(void)
  261          {
  262   1          mpu6050_simiic_write_reg(MPU6050_DEV_ADDR, PWR_MGMT_1, 0x00);       //解除休眠状态
  263   1          mpu6050_simiic_write_reg(MPU6050_DEV_ADDR, SMPLRT_DIV, 0x07);   //125HZ采样率
  264   1      
  265   1          if(0x07 != mpu6050_simiic_read_reg(MPU6050_DEV_ADDR, SMPLRT_DIV))
  266   1          {
  267   2              printf("mpu6050 init error.\r\n");
  268   2              return 1;
  269   2              //卡在这里原因有以下几点
  270   2              //1 MPU6050坏了，如果是新的这样的概率极低
  271   2              //2 接线错误或者没有接好
  272   2              //3 可能你需要外接上拉电阻，上拉到3.3V
  273   2              //4 可能没有调用模拟IIC的初始化函数
  274   2          }
  275   1      
  276   1          return 0;
  277   1      
  278   1      }
  279          
  280          
  281          //-------------------------------------------------------------------------------------------------------
             -------------
  282          //  @brief      初始化MPU6050
  283          //  @param      NULL
  284          //  @return     void
  285          //  @since      v1.0
  286          //  Sample usage:
  287          //-------------------------------------------------------------------------------------------------------
             -------------
  288          uint8 mpu6050_init(void)
  289          {
  290   1          delay_ms(100);                                   //上电延时
  291   1      
  292   1          if(mpu6050_self1_check())
  293   1          {
  294   2              return 1;
  295   2          }
  296   1      
  297   1          mpu6050_simiic_write_reg(MPU6050_DEV_ADDR, PWR_MGMT_1, 0x00);       //解除休眠状态
  298   1          mpu6050_simiic_write_reg(MPU6050_DEV_ADDR, SMPLRT_DIV, 0x07);   //125HZ采样率
  299   1          mpu6050_simiic_write_reg(MPU6050_DEV_ADDR, MPU6050_CONFIG, 0x04);       //
  300   1          mpu6050_simiic_write_reg(MPU6050_DEV_ADDR, GYRO_CONFIG, 0x18);  //2000
  301   1          mpu6050_simiic_write_reg(MPU6050_DEV_ADDR, ACCEL_CONFIG, 0x10); //8g
  302   1          mpu6050_simiic_write_reg(MPU6050_DEV_ADDR, User_Control, 0x00);
  303   1          mpu6050_simiic_write_reg(MPU6050_DEV_ADDR, INT_PIN_CFG, 0x02);
  304   1          return 0;
  305   1      }
  306          
C251 COMPILER V5.60.0,  SEEKFREE_MPU6050                                                   06/07/24  23:05:06  PAGE 6   

  307          
  308          
  309          //-------------------------------------------------------------------------------------------------------
             -------------
  310          //  @brief      获取MPU6050加速度计数据
  311          //  @param      NULL
  312          //  @return     void
  313          //  @since      v1.0
  314          //  Sample usage:                               执行该函数后，直接查看对应的变量即可
  315          //-------------------------------------------------------------------------------------------------------
             -------------
  316          void mpu6050_get_accdata(void)
  317          {
  318   1          uint8 dat[6];
  319   1      
  320   1          mpu6050_simiic_read_regs(MPU6050_DEV_ADDR, ACCEL_XOUT_H, dat, 6);
  321   1          mpu6050_acc_x = (int16)(((uint16)dat[0] << 8 | dat[1]));
  322   1          mpu6050_acc_y = (int16)(((uint16)dat[2] << 8 | dat[3]));
  323   1          mpu6050_acc_z = (int16)(((uint16)dat[4] << 8 | dat[5]));
  324   1      }
  325          
  326          
  327          //-------------------------------------------------------------------------------------------------------
             -------------
  328          //  @brief      获取MPU6050陀螺仪数据
  329          //  @param      NULL
  330          //  @return     void
  331          //  @since      v1.0
  332          //  Sample usage:                               执行该函数后，直接查看对应的变量即可
  333          //-------------------------------------------------------------------------------------------------------
             -------------
  334          void mpu6050_get_gyro(void)
  335          {
  336   1          uint8 dat[6];
  337   1      
  338   1          mpu6050_simiic_read_regs(MPU6050_DEV_ADDR, GYRO_XOUT_H, dat, 6);
  339   1          mpu6050_gyro_x = (int16)(((uint16)dat[0] << 8 | dat[1]));
  340   1          mpu6050_gyro_y = (int16)(((uint16)dat[2] << 8 | dat[3]));
  341   1          mpu6050_gyro_z = (int16)(((uint16)dat[4] << 8 | dat[5]));
  342   1      }
  343          
  344          
  345          
  346          
  347          
  348          
  349          
  350          
  351          


Module Information          Static   Overlayable
------------------------------------------------
  code size            =       842     ------
  ecode size           =    ------     ------
  data size            =    ------     ------
  idata size           =    ------     ------
  pdata size           =    ------     ------
  xdata size           =    ------     ------
  xdata-const size     =    ------     ------
  edata size           =        45     ------
  bit size             =    ------     ------
  ebit size            =    ------     ------
  bitaddressable size  =    ------     ------
  ebitaddressable size =    ------     ------
  far data size        =    ------     ------
  huge data size       =    ------     ------
C251 COMPILER V5.60.0,  SEEKFREE_MPU6050                                                   06/07/24  23:05:06  PAGE 7   

  const size           =    ------     ------
  hconst size          =        22     ------
End of Module Information.


C251 COMPILATION COMPLETE.  0 WARNING(S),  0 ERROR(S)
